<?xml version="1.0" encoding="UTF-8"?>
<coverage generated="1666361103391" clover="3.2.0">
  <project timestamp="1666361103391" name="All files">
    <metrics statements="159" coveredstatements="116" conditionals="80" coveredconditionals="47" methods="39" coveredmethods="31" elements="278" coveredelements="194" complexity="0" loc="159" ncloc="159" packages="15" files="16" classes="16"/>
    <package name="atoms.CustomButton">
      <metrics statements="5" coveredstatements="5" conditionals="0" coveredconditionals="0" methods="1" coveredmethods="1"/>
      <file name="CustomButton.tsx" path="C:\Users\Gosia\Desktop\GitHub\NewProject\components\atoms\CustomButton\CustomButton.tsx">
        <metrics statements="5" coveredstatements="5" conditionals="0" coveredconditionals="0" methods="1" coveredmethods="1"/>
        <line num="1" count="5" type="stmt"/>
        <line num="2" count="5" type="stmt"/>
        <line num="10" count="5" type="stmt"/>
        <line num="15" count="7" type="stmt"/>
        <line num="16" count="7" type="stmt"/>
      </file>
    </package>
    <package name="atoms.CustomIcon">
      <metrics statements="8" coveredstatements="8" conditionals="2" coveredconditionals="1" methods="2" coveredmethods="2"/>
      <file name="CustomIcon.tsx" path="C:\Users\Gosia\Desktop\GitHub\NewProject\components\atoms\CustomIcon\CustomIcon.tsx">
        <metrics statements="8" coveredstatements="8" conditionals="2" coveredconditionals="1" methods="2" coveredmethods="2"/>
        <line num="1" count="5" type="stmt"/>
        <line num="2" count="5" type="stmt"/>
        <line num="3" count="5" type="stmt"/>
        <line num="4" count="5" type="stmt"/>
        <line num="16" count="5" type="stmt"/>
        <line num="24" count="2" type="stmt"/>
        <line num="25" count="2" type="stmt"/>
        <line num="29" count="2" type="stmt"/>
      </file>
    </package>
    <package name="atoms.CustomInput">
      <metrics statements="13" coveredstatements="12" conditionals="10" coveredconditionals="6" methods="6" coveredmethods="5"/>
      <file name="CustomInput.tsx" path="C:\Users\Gosia\Desktop\GitHub\NewProject\components\atoms\CustomInput\CustomInput.tsx">
        <metrics statements="13" coveredstatements="12" conditionals="10" coveredconditionals="6" methods="6" coveredmethods="5"/>
        <line num="1" count="5" type="stmt"/>
        <line num="7" count="5" type="stmt"/>
        <line num="8" count="785" type="cond" truecount="6" falsecount="0"/>
        <line num="24" count="19" type="stmt"/>
        <line num="25" count="19" type="stmt"/>
        <line num="27" count="19" type="stmt"/>
        <line num="29" count="19" type="stmt"/>
        <line num="30" count="5" type="stmt"/>
        <line num="33" count="19" type="stmt"/>
        <line num="35" count="4" type="stmt"/>
        <line num="38" count="0" type="cond" truecount="0" falsecount="4"/>
        <line num="42" count="19" type="stmt"/>
        <line num="55" count="5" type="stmt"/>
      </file>
    </package>
    <package name="atoms.CustomSwitch">
      <metrics statements="13" coveredstatements="12" conditionals="12" coveredconditionals="8" methods="7" coveredmethods="6"/>
      <file name="CustomSwitch.tsx" path="C:\Users\Gosia\Desktop\GitHub\NewProject\components\atoms\CustomSwitch\CustomSwitch.tsx">
        <metrics statements="13" coveredstatements="12" conditionals="12" coveredconditionals="8" methods="7" coveredmethods="6"/>
        <line num="1" count="5" type="stmt"/>
        <line num="7" count="785" type="cond" truecount="6" falsecount="0"/>
        <line num="26" count="5" type="stmt"/>
        <line num="27" count="9" type="stmt"/>
        <line num="30" count="9" type="stmt"/>
        <line num="32" count="9" type="stmt"/>
        <line num="34" count="9" type="stmt"/>
        <line num="36" count="9" type="stmt"/>
        <line num="38" count="2" type="stmt"/>
        <line num="41" count="0" type="cond" truecount="0" falsecount="4"/>
        <line num="44" count="9" type="stmt"/>
        <line num="54" count="5" type="stmt"/>
        <line num="56" count="5" type="stmt"/>
      </file>
    </package>
    <package name="atoms.Divider">
      <metrics statements="6" coveredstatements="6" conditionals="0" coveredconditionals="0" methods="1" coveredmethods="1"/>
      <file name="Divider.tsx" path="C:\Users\Gosia\Desktop\GitHub\NewProject\components\atoms\Divider\Divider.tsx">
        <metrics statements="6" coveredstatements="6" conditionals="0" coveredconditionals="0" methods="1" coveredmethods="1"/>
        <line num="1" count="5" type="stmt"/>
        <line num="2" count="5" type="stmt"/>
        <line num="3" count="5" type="stmt"/>
        <line num="10" count="5" type="stmt"/>
        <line num="11" count="2" type="stmt"/>
        <line num="18" count="5" type="stmt"/>
      </file>
    </package>
    <package name="atoms.Label">
      <metrics statements="6" coveredstatements="6" conditionals="0" coveredconditionals="0" methods="1" coveredmethods="1"/>
      <file name="Label.tsx" path="C:\Users\Gosia\Desktop\GitHub\NewProject\components\atoms\Label\Label.tsx">
        <metrics statements="6" coveredstatements="6" conditionals="0" coveredconditionals="0" methods="1" coveredmethods="1"/>
        <line num="1" count="5" type="stmt"/>
        <line num="2" count="5" type="stmt"/>
        <line num="3" count="5" type="stmt"/>
        <line num="10" count="17" type="stmt"/>
        <line num="11" count="17" type="stmt"/>
        <line num="16" count="5" type="stmt"/>
      </file>
    </package>
    <package name="atoms.Link">
      <metrics statements="6" coveredstatements="6" conditionals="0" coveredconditionals="0" methods="1" coveredmethods="1"/>
      <file name="Link.tsx" path="C:\Users\Gosia\Desktop\GitHub\NewProject\components\atoms\Link\Link.tsx">
        <metrics statements="6" coveredstatements="6" conditionals="0" coveredconditionals="0" methods="1" coveredmethods="1"/>
        <line num="1" count="5" type="stmt"/>
        <line num="2" count="5" type="stmt"/>
        <line num="3" count="5" type="stmt"/>
        <line num="11" count="5" type="stmt"/>
        <line num="12" count="2" type="stmt"/>
        <line num="17" count="5" type="stmt"/>
      </file>
    </package>
    <package name="atoms.ScreenTitle">
      <metrics statements="6" coveredstatements="6" conditionals="0" coveredconditionals="0" methods="1" coveredmethods="1"/>
      <file name="ScreenTitle.tsx" path="C:\Users\Gosia\Desktop\GitHub\NewProject\components\atoms\ScreenTitle\ScreenTitle.tsx">
        <metrics statements="6" coveredstatements="6" conditionals="0" coveredconditionals="0" methods="1" coveredmethods="1"/>
        <line num="1" count="5" type="stmt"/>
        <line num="2" count="5" type="stmt"/>
        <line num="3" count="5" type="stmt"/>
        <line num="10" count="5" type="stmt"/>
        <line num="11" count="2" type="stmt"/>
        <line num="16" count="5" type="stmt"/>
      </file>
    </package>
    <package name="molecules.CustomInputLabel">
      <metrics statements="11" coveredstatements="10" conditionals="14" coveredconditionals="8" methods="5" coveredmethods="4"/>
      <file name="CustomInputLabel.tsx" path="C:\Users\Gosia\Desktop\GitHub\NewProject\components\molecules\CustomInputLabel\CustomInputLabel.tsx">
        <metrics statements="11" coveredstatements="10" conditionals="14" coveredconditionals="8" methods="5" coveredmethods="4"/>
        <line num="1" count="3" type="stmt"/>
        <line num="2" count="3" type="stmt"/>
        <line num="3" count="471" type="cond" truecount="6" falsecount="0"/>
        <line num="20" count="11" type="stmt"/>
        <line num="21" count="11" type="stmt"/>
        <line num="23" count="11" type="stmt"/>
        <line num="25" count="3" type="cond" truecount="2" falsecount="2"/>
        <line num="28" count="0" type="cond" truecount="0" falsecount="4"/>
        <line num="32" count="11" type="stmt"/>
        <line num="43" count="3" type="stmt"/>
        <line num="45" count="3" type="stmt"/>
      </file>
    </package>
    <package name="molecules.CustomSwitchLabel">
      <metrics statements="17" coveredstatements="16" conditionals="12" coveredconditionals="7" methods="5" coveredmethods="4"/>
      <file name="CustomSwitchLabel.tsx" path="C:\Users\Gosia\Desktop\GitHub\NewProject\components\molecules\CustomSwitchLabel\CustomSwitchLabel.tsx">
        <metrics statements="17" coveredstatements="16" conditionals="12" coveredconditionals="7" methods="5" coveredmethods="4"/>
        <line num="1" count="3" type="stmt"/>
        <line num="2" count="3" type="stmt"/>
        <line num="3" count="471" type="cond" truecount="6" falsecount="0"/>
        <line num="22" count="3" type="stmt"/>
        <line num="24" count="4" type="stmt"/>
        <line num="25" count="4" type="stmt"/>
        <line num="26" count="4" type="stmt"/>
        <line num="27" count="4" type="stmt"/>
        <line num="28" count="4" type="stmt"/>
        <line num="29" count="4" type="stmt"/>
        <line num="33" count="4" type="stmt"/>
        <line num="34" count="4" type="stmt"/>
        <line num="36" count="1" type="cond" truecount="1" falsecount="1"/>
        <line num="39" count="0" type="cond" truecount="0" falsecount="4"/>
        <line num="42" count="4" type="stmt"/>
        <line num="54" count="3" type="stmt"/>
        <line num="56" count="3" type="stmt"/>
      </file>
    </package>
    <package name="organisms.LoginForm">
      <metrics statements="17" coveredstatements="17" conditionals="16" coveredconditionals="11" methods="3" coveredmethods="3"/>
      <file name="LoginForm.tsx" path="C:\Users\Gosia\Desktop\GitHub\NewProject\components\organisms\LoginForm\LoginForm.tsx">
        <metrics statements="17" coveredstatements="17" conditionals="16" coveredconditionals="11" methods="3" coveredmethods="3"/>
        <line num="1" count="1" type="stmt"/>
        <line num="2" count="1" type="stmt"/>
        <line num="3" count="1" type="stmt"/>
        <line num="4" count="1" type="stmt"/>
        <line num="5" count="1" type="stmt"/>
        <line num="11" count="157" type="cond" truecount="6" falsecount="0"/>
        <line num="22" count="2" type="stmt"/>
        <line num="23" count="2" type="stmt"/>
        <line num="24" count="2" type="stmt"/>
        <line num="25" count="2" type="stmt"/>
        <line num="27" count="2" type="stmt"/>
        <line num="28" count="1" type="cond" truecount="2" falsecount="2"/>
        <line num="29" count="1" type="cond" truecount="2" falsecount="2"/>
        <line num="30" count="1" type="cond" truecount="1" falsecount="1"/>
        <line num="39" count="1" type="stmt"/>
        <line num="42" count="2" type="stmt"/>
        <line num="84" count="1" type="stmt"/>
      </file>
    </package>
    <package name="organisms.RegisterForm">
      <metrics statements="15" coveredstatements="12" conditionals="14" coveredconditionals="6" methods="3" coveredmethods="2"/>
      <file name="RegisterForm.tsx" path="C:\Users\Gosia\Desktop\GitHub\NewProject\components\organisms\RegisterForm\RegisterForm.tsx">
        <metrics statements="15" coveredstatements="12" conditionals="14" coveredconditionals="6" methods="3" coveredmethods="2"/>
        <line num="1" count="1" type="stmt"/>
        <line num="2" count="1" type="stmt"/>
        <line num="3" count="1" type="stmt"/>
        <line num="4" count="1" type="stmt"/>
        <line num="5" count="1" type="stmt"/>
        <line num="6" count="157" type="cond" truecount="6" falsecount="0"/>
        <line num="12" count="2" type="stmt"/>
        <line num="13" count="2" type="stmt"/>
        <line num="14" count="2" type="stmt"/>
        <line num="16" count="2" type="stmt"/>
        <line num="17" count="0" type="cond" truecount="0" falsecount="4"/>
        <line num="18" count="0" type="cond" truecount="0" falsecount="4"/>
        <line num="20" count="0" type="stmt"/>
        <line num="23" count="2" type="stmt"/>
        <line num="54" count="1" type="stmt"/>
      </file>
    </package>
    <package name="organisms.SocialLogin">
      <metrics statements="11" coveredstatements="0" conditionals="0" coveredconditionals="0" methods="1" coveredmethods="0"/>
      <file name="SocialLogin.tsx" path="C:\Users\Gosia\Desktop\GitHub\NewProject\components\organisms\SocialLogin\SocialLogin.tsx">
        <metrics statements="11" coveredstatements="0" conditionals="0" coveredconditionals="0" methods="1" coveredmethods="0"/>
        <line num="1" count="0" type="stmt"/>
        <line num="2" count="0" type="stmt"/>
        <line num="3" count="0" type="stmt"/>
        <line num="4" count="0" type="stmt"/>
        <line num="5" count="0" type="stmt"/>
        <line num="13" count="0" type="stmt"/>
        <line num="14" count="0" type="stmt"/>
        <line num="15" count="0" type="stmt"/>
        <line num="16" count="0" type="stmt"/>
        <line num="18" count="0" type="stmt"/>
        <line num="49" count="0" type="stmt"/>
      </file>
    </package>
    <package name="templates.LoginTemplate">
      <metrics statements="9" coveredstatements="0" conditionals="0" coveredconditionals="0" methods="1" coveredmethods="0"/>
      <file name="LoginTemplate.tsx" path="C:\Users\Gosia\Desktop\GitHub\NewProject\components\templates\LoginTemplate\LoginTemplate.tsx">
        <metrics statements="9" coveredstatements="0" conditionals="0" coveredconditionals="0" methods="1" coveredmethods="0"/>
        <line num="1" count="0" type="stmt"/>
        <line num="2" count="0" type="stmt"/>
        <line num="4" count="0" type="stmt"/>
        <line num="5" count="0" type="stmt"/>
        <line num="6" count="0" type="stmt"/>
        <line num="7" count="0" type="stmt"/>
        <line num="22" count="0" type="stmt"/>
        <line num="29" count="0" type="stmt"/>
        <line num="30" count="0" type="stmt"/>
      </file>
    </package>
    <package name="templates.RegisterTemplate">
      <metrics statements="16" coveredstatements="0" conditionals="0" coveredconditionals="0" methods="1" coveredmethods="0"/>
      <file name="RegisterTemplate.styles.tsx" path="C:\Users\Gosia\Desktop\GitHub\NewProject\components\templates\RegisterTemplate\RegisterTemplate.styles.tsx">
        <metrics statements="2" coveredstatements="0" conditionals="0" coveredconditionals="0" methods="0" coveredmethods="0"/>
        <line num="1" count="0" type="stmt"/>
        <line num="3" count="0" type="stmt"/>
      </file>
      <file name="RegisterTemplate.tsx" path="C:\Users\Gosia\Desktop\GitHub\NewProject\components\templates\RegisterTemplate\RegisterTemplate.tsx">
        <metrics statements="14" coveredstatements="0" conditionals="0" coveredconditionals="0" methods="1" coveredmethods="0"/>
        <line num="1" count="0" type="stmt"/>
        <line num="2" count="0" type="stmt"/>
        <line num="3" count="0" type="stmt"/>
        <line num="4" count="0" type="stmt"/>
        <line num="5" count="0" type="stmt"/>
        <line num="6" count="0" type="stmt"/>
        <line num="16" count="0" type="stmt"/>
        <line num="17" count="0" type="stmt"/>
        <line num="18" count="0" type="stmt"/>
        <line num="19" count="0" type="stmt"/>
        <line num="20" count="0" type="stmt"/>
        <line num="21" count="0" type="stmt"/>
        <line num="23" count="0" type="stmt"/>
        <line num="41" count="0" type="stmt"/>
      </file>
    </package>
  </project>
</coverage>
