<?xml version="1.0" encoding="UTF-8"?>
<coverage generated="1676647717424" clover="3.2.0">
  <project timestamp="1676647717424" name="All files">
    <metrics statements="97" coveredstatements="95" conditionals="16" coveredconditionals="16" methods="45" coveredmethods="43" elements="158" coveredelements="154" complexity="0" loc="97" ncloc="97" packages="17" files="18" classes="18"/>
    <package name="atoms.CustomButton">
      <metrics statements="2" coveredstatements="2" conditionals="0" coveredconditionals="0" methods="1" coveredmethods="1"/>
      <file name="CustomButton.tsx" path="C:\Users\Gosia\Desktop\GitHub\NewProject\components\atoms\CustomButton\CustomButton.tsx">
        <metrics statements="2" coveredstatements="2" conditionals="0" coveredconditionals="0" methods="1" coveredmethods="1"/>
        <line num="10" count="10" type="stmt"/>
        <line num="16" count="33" type="stmt"/>
      </file>
    </package>
    <package name="atoms.CustomIcon">
      <metrics statements="3" coveredstatements="3" conditionals="2" coveredconditionals="2" methods="2" coveredmethods="2"/>
      <file name="CustomIcon.tsx" path="C:\Users\Gosia\Desktop\GitHub\NewProject\components\atoms\CustomIcon\CustomIcon.tsx">
        <metrics statements="3" coveredstatements="3" conditionals="2" coveredconditionals="2" methods="2" coveredmethods="2"/>
        <line num="16" count="10" type="stmt"/>
        <line num="25" count="73" type="stmt"/>
        <line num="30" count="73" type="cond" truecount="2" falsecount="0"/>
      </file>
    </package>
    <package name="atoms.CustomInput">
      <metrics statements="11" coveredstatements="10" conditionals="0" coveredconditionals="0" methods="6" coveredmethods="5"/>
      <file name="CustomInput.tsx" path="C:\Users\Gosia\Desktop\GitHub\NewProject\components\atoms\CustomInput\CustomInput.tsx">
        <metrics statements="11" coveredstatements="10" conditionals="0" coveredconditionals="0" methods="6" coveredmethods="5"/>
        <line num="25" count="10" type="stmt"/>
        <line num="26" count="85" type="stmt"/>
        <line num="28" count="85" type="stmt"/>
        <line num="30" count="85" type="stmt"/>
        <line num="31" count="19" type="stmt"/>
        <line num="34" count="85" type="stmt"/>
        <line num="36" count="18" type="stmt"/>
        <line num="39" count="1" type="stmt"/>
        <line num="42" count="0" type="stmt"/>
        <line num="46" count="85" type="stmt"/>
        <line num="59" count="10" type="stmt"/>
      </file>
    </package>
    <package name="atoms.CustomSwitch">
      <metrics statements="8" coveredstatements="8" conditionals="2" coveredconditionals="2" methods="5" coveredmethods="5"/>
      <file name="CustomSwitch.tsx" path="C:\Users\Gosia\Desktop\GitHub\NewProject\components\atoms\CustomSwitch\CustomSwitch.tsx">
        <metrics statements="8" coveredstatements="8" conditionals="2" coveredconditionals="2" methods="5" coveredmethods="5"/>
        <line num="25" count="10" type="stmt"/>
        <line num="29" count="28" type="stmt"/>
        <line num="31" count="28" type="stmt"/>
        <line num="33" count="28" type="stmt"/>
        <line num="35" count="28" type="stmt"/>
        <line num="37" count="6" type="stmt"/>
        <line num="40" count="28" type="stmt"/>
        <line num="52" count="10" type="stmt"/>
      </file>
    </package>
    <package name="atoms.Divider">
      <metrics statements="2" coveredstatements="2" conditionals="0" coveredconditionals="0" methods="1" coveredmethods="1"/>
      <file name="Divider.tsx" path="C:\Users\Gosia\Desktop\GitHub\NewProject\components\atoms\Divider\Divider.tsx">
        <metrics statements="2" coveredstatements="2" conditionals="0" coveredconditionals="0" methods="1" coveredmethods="1"/>
        <line num="10" count="10" type="stmt"/>
        <line num="11" count="20" type="stmt"/>
      </file>
    </package>
    <package name="atoms.Label">
      <metrics statements="2" coveredstatements="2" conditionals="0" coveredconditionals="0" methods="1" coveredmethods="1"/>
      <file name="Label.tsx" path="C:\Users\Gosia\Desktop\GitHub\NewProject\components\atoms\Label\Label.tsx">
        <metrics statements="2" coveredstatements="2" conditionals="0" coveredconditionals="0" methods="1" coveredmethods="1"/>
        <line num="10" count="10" type="stmt"/>
        <line num="11" count="102" type="stmt"/>
      </file>
    </package>
    <package name="atoms.Link">
      <metrics statements="2" coveredstatements="2" conditionals="0" coveredconditionals="0" methods="1" coveredmethods="1"/>
      <file name="Link.tsx" path="C:\Users\Gosia\Desktop\GitHub\NewProject\components\atoms\Link\Link.tsx">
        <metrics statements="2" coveredstatements="2" conditionals="0" coveredconditionals="0" methods="1" coveredmethods="1"/>
        <line num="11" count="10" type="stmt"/>
        <line num="12" count="30" type="stmt"/>
      </file>
    </package>
    <package name="atoms.ScreenTitle">
      <metrics statements="2" coveredstatements="2" conditionals="0" coveredconditionals="0" methods="1" coveredmethods="1"/>
      <file name="ScreenTitle.tsx" path="C:\Users\Gosia\Desktop\GitHub\NewProject\components\atoms\ScreenTitle\ScreenTitle.tsx">
        <metrics statements="2" coveredstatements="2" conditionals="0" coveredconditionals="0" methods="1" coveredmethods="1"/>
        <line num="10" count="10" type="stmt"/>
        <line num="11" count="21" type="stmt"/>
      </file>
    </package>
    <package name="molecules.CustomInputLabel">
      <metrics statements="7" coveredstatements="6" conditionals="2" coveredconditionals="2" methods="4" coveredmethods="3"/>
      <file name="CustomInputLabel.tsx" path="C:\Users\Gosia\Desktop\GitHub\NewProject\components\molecules\CustomInputLabel\CustomInputLabel.tsx">
        <metrics statements="7" coveredstatements="6" conditionals="2" coveredconditionals="2" methods="4" coveredmethods="3"/>
        <line num="20" count="7" type="stmt"/>
        <line num="21" count="63" type="stmt"/>
        <line num="23" count="63" type="stmt"/>
        <line num="25" count="17" type="cond" truecount="2" falsecount="0"/>
        <line num="28" count="0" type="stmt"/>
        <line num="32" count="63" type="stmt"/>
        <line num="45" count="7" type="stmt"/>
      </file>
    </package>
    <package name="molecules.CustomSwitchLabel">
      <metrics statements="6" coveredstatements="6" conditionals="2" coveredconditionals="2" methods="3" coveredmethods="3"/>
      <file name="CustomSwitchLabel.tsx" path="C:\Users\Gosia\Desktop\GitHub\NewProject\components\molecules\CustomSwitchLabel\CustomSwitchLabel.tsx">
        <metrics statements="6" coveredstatements="6" conditionals="2" coveredconditionals="2" methods="3" coveredmethods="3"/>
        <line num="21" count="7" type="stmt"/>
        <line num="32" count="18" type="stmt"/>
        <line num="33" count="18" type="stmt"/>
        <line num="35" count="5" type="cond" truecount="2" falsecount="0"/>
        <line num="38" count="18" type="stmt"/>
        <line num="53" count="7" type="stmt"/>
      </file>
    </package>
    <package name="organisms.LoginForm">
      <metrics statements="12" coveredstatements="12" conditionals="4" coveredconditionals="4" methods="2" coveredmethods="2"/>
      <file name="LoginForm.tsx" path="C:\Users\Gosia\Desktop\GitHub\NewProject\components\organisms\LoginForm\LoginForm.tsx">
        <metrics statements="12" coveredstatements="12" conditionals="4" coveredconditionals="4" methods="2" coveredmethods="2"/>
        <line num="22" count="5" type="stmt"/>
        <line num="23" count="15" type="stmt"/>
        <line num="24" count="15" type="stmt"/>
        <line num="25" count="15" type="stmt"/>
        <line num="27" count="15" type="stmt"/>
        <line num="28" count="4" type="stmt"/>
        <line num="29" count="4" type="stmt"/>
        <line num="30" count="4" type="stmt"/>
        <line num="31" count="4" type="cond" truecount="4" falsecount="0"/>
        <line num="32" count="3" type="stmt"/>
        <line num="34" count="1" type="stmt"/>
        <line num="38" count="15" type="stmt"/>
      </file>
    </package>
    <package name="organisms.RegisterForm">
      <metrics statements="8" coveredstatements="8" conditionals="4" coveredconditionals="4" methods="2" coveredmethods="2"/>
      <file name="RegisterForm.tsx" path="C:\Users\Gosia\Desktop\GitHub\NewProject\components\organisms\RegisterForm\RegisterForm.tsx">
        <metrics statements="8" coveredstatements="8" conditionals="4" coveredconditionals="4" methods="2" coveredmethods="2"/>
        <line num="13" count="5" type="stmt"/>
        <line num="14" count="15" type="stmt"/>
        <line num="15" count="15" type="stmt"/>
        <line num="17" count="15" type="stmt"/>
        <line num="18" count="4" type="cond" truecount="2" falsecount="0"/>
        <line num="19" count="4" type="cond" truecount="2" falsecount="0"/>
        <line num="21" count="4" type="stmt"/>
        <line num="24" count="15" type="stmt"/>
      </file>
    </package>
    <package name="organisms.SocialLogin">
      <metrics statements="2" coveredstatements="2" conditionals="0" coveredconditionals="0" methods="1" coveredmethods="1"/>
      <file name="SocialLogin.tsx" path="C:\Users\Gosia\Desktop\GitHub\NewProject\components\organisms\SocialLogin\SocialLogin.tsx">
        <metrics statements="2" coveredstatements="2" conditionals="0" coveredconditionals="0" methods="1" coveredmethods="1"/>
        <line num="14" count="5" type="stmt"/>
        <line num="20" count="23" type="stmt"/>
      </file>
    </package>
    <package name="screens.LoginScreen">
      <metrics statements="14" coveredstatements="14" conditionals="0" coveredconditionals="0" methods="7" coveredmethods="7"/>
      <file name="LoginScreen.tsx" path="C:\Users\Gosia\Desktop\GitHub\NewProject\components\screens\LoginScreen\LoginScreen.tsx">
        <metrics statements="14" coveredstatements="14" conditionals="0" coveredconditionals="0" methods="7" coveredmethods="7"/>
        <line num="6" count="1" type="stmt"/>
        <line num="7" count="4" type="stmt"/>
        <line num="12" count="1" type="stmt"/>
        <line num="21" count="4" type="stmt"/>
        <line num="22" count="1" type="stmt"/>
        <line num="24" count="4" type="stmt"/>
        <line num="25" count="1" type="stmt"/>
        <line num="28" count="4" type="stmt"/>
        <line num="29" count="1" type="stmt"/>
        <line num="32" count="4" type="stmt"/>
        <line num="33" count="1" type="stmt"/>
        <line num="35" count="4" type="stmt"/>
        <line num="36" count="1" type="stmt"/>
        <line num="39" count="4" type="stmt"/>
      </file>
    </package>
    <package name="screens.RegisterScreen">
      <metrics statements="12" coveredstatements="12" conditionals="0" coveredconditionals="0" methods="6" coveredmethods="6"/>
      <file name="RegisterScreen.tsx" path="C:\Users\Gosia\Desktop\GitHub\NewProject\components\screens\RegisterScreen\RegisterScreen.tsx">
        <metrics statements="12" coveredstatements="12" conditionals="0" coveredconditionals="0" methods="6" coveredmethods="6"/>
        <line num="4" count="1" type="stmt"/>
        <line num="5" count="4" type="stmt"/>
        <line num="6" count="1" type="stmt"/>
        <line num="8" count="4" type="stmt"/>
        <line num="9" count="1" type="stmt"/>
        <line num="11" count="4" type="stmt"/>
        <line num="12" count="1" type="stmt"/>
        <line num="15" count="4" type="stmt"/>
        <line num="16" count="2" type="stmt"/>
        <line num="18" count="4" type="stmt"/>
        <line num="19" count="1" type="stmt"/>
        <line num="22" count="4" type="stmt"/>
      </file>
    </package>
    <package name="templates.LoginTemplate">
      <metrics statements="2" coveredstatements="2" conditionals="0" coveredconditionals="0" methods="1" coveredmethods="1"/>
      <file name="LoginTemplate.tsx" path="C:\Users\Gosia\Desktop\GitHub\NewProject\components\templates\LoginTemplate\LoginTemplate.tsx">
        <metrics statements="2" coveredstatements="2" conditionals="0" coveredconditionals="0" methods="1" coveredmethods="1"/>
        <line num="23" count="3" type="stmt"/>
        <line num="31" count="9" type="stmt"/>
      </file>
    </package>
    <package name="templates.RegisterTemplate">
      <metrics statements="2" coveredstatements="2" conditionals="0" coveredconditionals="0" methods="1" coveredmethods="1"/>
      <file name="RegisterTemplate.styles.tsx" path="C:\Users\Gosia\Desktop\GitHub\NewProject\components\templates\RegisterTemplate\RegisterTemplate.styles.tsx">
        <metrics statements="0" coveredstatements="0" conditionals="0" coveredconditionals="0" methods="0" coveredmethods="0"/>
      </file>
      <file name="RegisterTemplate.tsx" path="C:\Users\Gosia\Desktop\GitHub\NewProject\components\templates\RegisterTemplate\RegisterTemplate.tsx">
        <metrics statements="2" coveredstatements="2" conditionals="0" coveredconditionals="0" methods="1" coveredmethods="1"/>
        <line num="17" count="3" type="stmt"/>
        <line num="25" count="10" type="stmt"/>
      </file>
    </package>
  </project>
</coverage>
