{"C:\\Users\\Gosia\\Desktop\\GitHub\\NewProject\\components\\atoms\\CustomButton\\CustomButton.tsx": {"path":"C:\\Users\\Gosia\\Desktop\\GitHub\\NewProject\\components\\atoms\\CustomButton\\CustomButton.tsx","statementMap":{"0":{"start":{"line":10,"column":45},"end":{"line":25,"column":1}},"1":{"start":{"line":16,"column":4},"end":{"line":24,"column":6}}},"fnMap":{"0":{"name":"(anonymous_0)","decl":{"start":{"line":10,"column":45},"end":{"line":10,"column":46}},"loc":{"start":{"line":15,"column":6},"end":{"line":25,"column":1}},"line":15}},"branchMap":{},"s":{"0":10,"1":33},"f":{"0":33},"b":{},"_coverageSchema":"1a1c01bbd47fc00a2c39e90264f33305004495a9","hash":"bec7ecc3bc8c12e87fae243dbc1eb2ac599fb4c7"}
,"C:\\Users\\Gosia\\Desktop\\GitHub\\NewProject\\components\\atoms\\CustomIcon\\CustomIcon.tsx": {"path":"C:\\Users\\Gosia\\Desktop\\GitHub\\NewProject\\components\\atoms\\CustomIcon\\CustomIcon.tsx","statementMap":{"0":{"start":{"line":16,"column":43},"end":{"line":45,"column":1}},"1":{"start":{"line":25,"column":4},"end":{"line":44,"column":6}},"2":{"start":{"line":30,"column":16},"end":{"line":32,"column":74}}},"fnMap":{"0":{"name":"(anonymous_0)","decl":{"start":{"line":16,"column":43},"end":{"line":16,"column":44}},"loc":{"start":{"line":24,"column":6},"end":{"line":45,"column":1}},"line":24},"1":{"name":"(anonymous_1)","decl":{"start":{"line":29,"column":19},"end":{"line":29,"column":20}},"loc":{"start":{"line":30,"column":16},"end":{"line":32,"column":74}},"line":30}},"branchMap":{"0":{"loc":{"start":{"line":30,"column":16},"end":{"line":32,"column":74}},"type":"cond-expr","locations":[{"start":{"line":31,"column":22},"end":{"line":31,"column":72}},{"start":{"line":32,"column":22},"end":{"line":32,"column":74}}],"line":30}},"s":{"0":10,"1":73,"2":73},"f":{"0":73,"1":73},"b":{"0":[72,1]},"_coverageSchema":"1a1c01bbd47fc00a2c39e90264f33305004495a9","hash":"5e8c4e36d76a35ee8aedc89541a0da3157a318a9"}
,"C:\\Users\\Gosia\\Desktop\\GitHub\\NewProject\\components\\atoms\\CustomInput\\CustomInput.tsx": {"path":"C:\\Users\\Gosia\\Desktop\\GitHub\\NewProject\\components\\atoms\\CustomInput\\CustomInput.tsx","statementMap":{"0":{"start":{"line":25,"column":4},"end":{"line":57,"column":1}},"1":{"start":{"line":26,"column":30},"end":{"line":26,"column":50}},"2":{"start":{"line":28,"column":27},"end":{"line":28,"column":50}},"3":{"start":{"line":30,"column":25},"end":{"line":32,"column":5}},"4":{"start":{"line":31,"column":8},"end":{"line":31,"column":22}},"5":{"start":{"line":34,"column":4},"end":{"line":44,"column":8}},"6":{"start":{"line":34,"column":36},"end":{"line":44,"column":5}},"7":{"start":{"line":36,"column":12},"end":{"line":36,"column":25}},"8":{"start":{"line":39,"column":12},"end":{"line":39,"column":44}},"9":{"start":{"line":42,"column":12},"end":{"line":42,"column":55}},"10":{"start":{"line":46,"column":4},"end":{"line":56,"column":6}},"11":{"start":{"line":59,"column":27},"end":{"line":59,"column":63}}},"fnMap":{"0":{"name":"(anonymous_0)","decl":{"start":{"line":25,"column":4},"end":{"line":25,"column":5}},"loc":{"start":{"line":25,"column":55},"end":{"line":57,"column":1}},"line":25},"1":{"name":"(anonymous_1)","decl":{"start":{"line":30,"column":25},"end":{"line":30,"column":26}},"loc":{"start":{"line":30,"column":42},"end":{"line":32,"column":5}},"line":30},"2":{"name":"(anonymous_2)","decl":{"start":{"line":34,"column":29},"end":{"line":34,"column":30}},"loc":{"start":{"line":34,"column":36},"end":{"line":44,"column":5}},"line":34},"3":{"name":"(anonymous_3)","decl":{"start":{"line":35,"column":18},"end":{"line":35,"column":19}},"loc":{"start":{"line":35,"column":24},"end":{"line":37,"column":9}},"line":35},"4":{"name":"(anonymous_4)","decl":{"start":{"line":38,"column":15},"end":{"line":38,"column":16}},"loc":{"start":{"line":38,"column":21},"end":{"line":40,"column":9}},"line":38},"5":{"name":"(anonymous_5)","decl":{"start":{"line":41,"column":19},"end":{"line":41,"column":20}},"loc":{"start":{"line":41,"column":25},"end":{"line":43,"column":9}},"line":41}},"branchMap":{},"s":{"0":10,"1":85,"2":85,"3":85,"4":19,"5":85,"6":82,"7":18,"8":1,"9":0,"10":85,"11":10},"f":{"0":85,"1":19,"2":82,"3":18,"4":1,"5":0},"b":{},"_coverageSchema":"1a1c01bbd47fc00a2c39e90264f33305004495a9","hash":"1755243c19287aaf9a514eab321be5dfc9c2a3ab"}
,"C:\\Users\\Gosia\\Desktop\\GitHub\\NewProject\\components\\atoms\\CustomSwitch\\CustomSwitch.tsx": {"path":"C:\\Users\\Gosia\\Desktop\\GitHub\\NewProject\\components\\atoms\\CustomSwitch\\CustomSwitch.tsx","statementMap":{"0":{"start":{"line":25,"column":4},"end":{"line":50,"column":1}},"1":{"start":{"line":29,"column":36},"end":{"line":29,"column":60}},"2":{"start":{"line":31,"column":28},"end":{"line":31,"column":48}},"3":{"start":{"line":33,"column":25},"end":{"line":33,"column":67}},"4":{"start":{"line":33,"column":31},"end":{"line":33,"column":67}},"5":{"start":{"line":33,"column":57},"end":{"line":33,"column":66}},"6":{"start":{"line":35,"column":4},"end":{"line":39,"column":8}},"7":{"start":{"line":35,"column":36},"end":{"line":39,"column":5}},"8":{"start":{"line":37,"column":12},"end":{"line":37,"column":28}},"9":{"start":{"line":40,"column":4},"end":{"line":49,"column":6}},"10":{"start":{"line":52,"column":28},"end":{"line":52,"column":65}}},"fnMap":{"0":{"name":"(anonymous_0)","decl":{"start":{"line":25,"column":4},"end":{"line":25,"column":5}},"loc":{"start":{"line":28,"column":5},"end":{"line":50,"column":1}},"line":28},"1":{"name":"(anonymous_1)","decl":{"start":{"line":33,"column":25},"end":{"line":33,"column":26}},"loc":{"start":{"line":33,"column":31},"end":{"line":33,"column":67}},"line":33},"2":{"name":"(anonymous_2)","decl":{"start":{"line":33,"column":43},"end":{"line":33,"column":44}},"loc":{"start":{"line":33,"column":57},"end":{"line":33,"column":66}},"line":33},"3":{"name":"(anonymous_3)","decl":{"start":{"line":35,"column":29},"end":{"line":35,"column":30}},"loc":{"start":{"line":35,"column":36},"end":{"line":39,"column":5}},"line":35},"4":{"name":"(anonymous_4)","decl":{"start":{"line":36,"column":18},"end":{"line":36,"column":19}},"loc":{"start":{"line":36,"column":24},"end":{"line":38,"column":9}},"line":36}},"branchMap":{"0":{"loc":{"start":{"line":43,"column":24},"end":{"line":43,"column":63}},"type":"cond-expr","locations":[{"start":{"line":43,"column":35},"end":{"line":43,"column":47}},{"start":{"line":43,"column":50},"end":{"line":43,"column":63}}],"line":43}},"s":{"0":10,"1":28,"2":28,"3":28,"4":7,"5":7,"6":28,"7":25,"8":6,"9":28,"10":10},"f":{"0":28,"1":7,"2":7,"3":25,"4":6},"b":{"0":[7,21]},"_coverageSchema":"1a1c01bbd47fc00a2c39e90264f33305004495a9","hash":"0fd79fbd9acd4f205ead5edf561a13f7676ce853"}
,"C:\\Users\\Gosia\\Desktop\\GitHub\\NewProject\\components\\atoms\\Divider\\Divider.tsx": {"path":"C:\\Users\\Gosia\\Desktop\\GitHub\\NewProject\\components\\atoms\\Divider\\Divider.tsx","statementMap":{"0":{"start":{"line":10,"column":40},"end":{"line":18,"column":1}},"1":{"start":{"line":11,"column":4},"end":{"line":17,"column":6}}},"fnMap":{"0":{"name":"(anonymous_0)","decl":{"start":{"line":10,"column":40},"end":{"line":10,"column":41}},"loc":{"start":{"line":10,"column":62},"end":{"line":18,"column":1}},"line":10}},"branchMap":{},"s":{"0":10,"1":20},"f":{"0":20},"b":{},"_coverageSchema":"1a1c01bbd47fc00a2c39e90264f33305004495a9","hash":"4609fae84c62c3fb7b5a4f985bd1bfaf2e45585a"}
,"C:\\Users\\Gosia\\Desktop\\GitHub\\NewProject\\components\\atoms\\Label\\Label.tsx": {"path":"C:\\Users\\Gosia\\Desktop\\GitHub\\NewProject\\components\\atoms\\Label\\Label.tsx","statementMap":{"0":{"start":{"line":10,"column":38},"end":{"line":16,"column":1}},"1":{"start":{"line":11,"column":4},"end":{"line":15,"column":6}}},"fnMap":{"0":{"name":"(anonymous_0)","decl":{"start":{"line":10,"column":38},"end":{"line":10,"column":39}},"loc":{"start":{"line":10,"column":60},"end":{"line":16,"column":1}},"line":10}},"branchMap":{},"s":{"0":10,"1":102},"f":{"0":102},"b":{},"_coverageSchema":"1a1c01bbd47fc00a2c39e90264f33305004495a9","hash":"d1aba18b4f16f10417152f7270f9a1a56c4f0061"}
,"C:\\Users\\Gosia\\Desktop\\GitHub\\NewProject\\components\\atoms\\Link\\Link.tsx": {"path":"C:\\Users\\Gosia\\Desktop\\GitHub\\NewProject\\components\\atoms\\Link\\Link.tsx","statementMap":{"0":{"start":{"line":11,"column":37},"end":{"line":17,"column":1}},"1":{"start":{"line":12,"column":4},"end":{"line":16,"column":6}}},"fnMap":{"0":{"name":"(anonymous_0)","decl":{"start":{"line":11,"column":37},"end":{"line":11,"column":38}},"loc":{"start":{"line":11,"column":68},"end":{"line":17,"column":1}},"line":11}},"branchMap":{},"s":{"0":10,"1":30},"f":{"0":30},"b":{},"_coverageSchema":"1a1c01bbd47fc00a2c39e90264f33305004495a9","hash":"8a7d4b9482c9d132d159fbe978f28aaec558a4e3"}
,"C:\\Users\\Gosia\\Desktop\\GitHub\\NewProject\\components\\atoms\\ScreenTitle\\ScreenTitle.tsx": {"path":"C:\\Users\\Gosia\\Desktop\\GitHub\\NewProject\\components\\atoms\\ScreenTitle\\ScreenTitle.tsx","statementMap":{"0":{"start":{"line":10,"column":44},"end":{"line":16,"column":1}},"1":{"start":{"line":11,"column":4},"end":{"line":15,"column":6}}},"fnMap":{"0":{"name":"(anonymous_0)","decl":{"start":{"line":10,"column":44},"end":{"line":10,"column":45}},"loc":{"start":{"line":10,"column":73},"end":{"line":16,"column":1}},"line":10}},"branchMap":{},"s":{"0":10,"1":21},"f":{"0":21},"b":{},"_coverageSchema":"1a1c01bbd47fc00a2c39e90264f33305004495a9","hash":"adf6d1d2ba624774248381222cb6e07c98e7f4c3"}
,"C:\\Users\\Gosia\\Desktop\\GitHub\\NewProject\\components\\molecules\\CustomInputLabel\\CustomInputLabel.tsx": {"path":"C:\\Users\\Gosia\\Desktop\\GitHub\\NewProject\\components\\molecules\\CustomInputLabel\\CustomInputLabel.tsx","statementMap":{"0":{"start":{"line":20,"column":4},"end":{"line":43,"column":1}},"1":{"start":{"line":21,"column":27},"end":{"line":21,"column":61}},"2":{"start":{"line":23,"column":4},"end":{"line":30,"column":8}},"3":{"start":{"line":23,"column":36},"end":{"line":30,"column":5}},"4":{"start":{"line":25,"column":12},"end":{"line":25,"column":60}},"5":{"start":{"line":28,"column":12},"end":{"line":28,"column":45}},"6":{"start":{"line":32,"column":4},"end":{"line":42,"column":6}},"7":{"start":{"line":45,"column":32},"end":{"line":45,"column":73}}},"fnMap":{"0":{"name":"(anonymous_0)","decl":{"start":{"line":20,"column":4},"end":{"line":20,"column":5}},"loc":{"start":{"line":20,"column":66},"end":{"line":43,"column":1}},"line":20},"1":{"name":"(anonymous_1)","decl":{"start":{"line":23,"column":29},"end":{"line":23,"column":30}},"loc":{"start":{"line":23,"column":36},"end":{"line":30,"column":5}},"line":23},"2":{"name":"(anonymous_2)","decl":{"start":{"line":24,"column":18},"end":{"line":24,"column":19}},"loc":{"start":{"line":24,"column":24},"end":{"line":26,"column":9}},"line":24},"3":{"name":"(anonymous_3)","decl":{"start":{"line":27,"column":15},"end":{"line":27,"column":16}},"loc":{"start":{"line":27,"column":21},"end":{"line":29,"column":9}},"line":27}},"branchMap":{"0":{"loc":{"start":{"line":25,"column":19},"end":{"line":25,"column":59}},"type":"binary-expr","locations":[{"start":{"line":25,"column":19},"end":{"line":25,"column":53}},{"start":{"line":25,"column":57},"end":{"line":25,"column":59}}],"line":25}},"s":{"0":7,"1":63,"2":63,"3":61,"4":17,"5":0,"6":63,"7":7},"f":{"0":63,"1":61,"2":17,"3":0},"b":{"0":[17,4]},"_coverageSchema":"1a1c01bbd47fc00a2c39e90264f33305004495a9","hash":"7da9267c70b21b05c237048dde42a26507056a69"}
,"C:\\Users\\Gosia\\Desktop\\GitHub\\NewProject\\components\\molecules\\CustomSwitchLabel\\CustomSwitchLabel.tsx": {"path":"C:\\Users\\Gosia\\Desktop\\GitHub\\NewProject\\components\\molecules\\CustomSwitchLabel\\CustomSwitchLabel.tsx","statementMap":{"0":{"start":{"line":21,"column":4},"end":{"line":51,"column":1}},"1":{"start":{"line":32,"column":28},"end":{"line":32,"column":63}},"2":{"start":{"line":33,"column":4},"end":{"line":37,"column":8}},"3":{"start":{"line":33,"column":36},"end":{"line":37,"column":5}},"4":{"start":{"line":35,"column":12},"end":{"line":35,"column":64}},"5":{"start":{"line":38,"column":4},"end":{"line":50,"column":6}},"6":{"start":{"line":53,"column":33},"end":{"line":53,"column":75}}},"fnMap":{"0":{"name":"(anonymous_0)","decl":{"start":{"line":21,"column":4},"end":{"line":21,"column":5}},"loc":{"start":{"line":31,"column":5},"end":{"line":51,"column":1}},"line":31},"1":{"name":"(anonymous_1)","decl":{"start":{"line":33,"column":29},"end":{"line":33,"column":30}},"loc":{"start":{"line":33,"column":36},"end":{"line":37,"column":5}},"line":33},"2":{"name":"(anonymous_2)","decl":{"start":{"line":34,"column":18},"end":{"line":34,"column":19}},"loc":{"start":{"line":34,"column":24},"end":{"line":36,"column":9}},"line":34}},"branchMap":{"0":{"loc":{"start":{"line":35,"column":19},"end":{"line":35,"column":63}},"type":"binary-expr","locations":[{"start":{"line":35,"column":19},"end":{"line":35,"column":54}},{"start":{"line":35,"column":58},"end":{"line":35,"column":63}}],"line":35}},"s":{"0":7,"1":18,"2":18,"3":16,"4":5,"5":18,"6":7},"f":{"0":18,"1":16,"2":5},"b":{"0":[5,1]},"_coverageSchema":"1a1c01bbd47fc00a2c39e90264f33305004495a9","hash":"5dd74131ccf21cec1cfcff23ca8b0e2bf8ec8e62"}
,"C:\\Users\\Gosia\\Desktop\\GitHub\\NewProject\\components\\organisms\\LoginForm\\LoginForm.tsx": {"path":"C:\\Users\\Gosia\\Desktop\\GitHub\\NewProject\\components\\organisms\\LoginForm\\LoginForm.tsx","statementMap":{"0":{"start":{"line":22,"column":42},"end":{"line":81,"column":1}},"1":{"start":{"line":23,"column":32},"end":{"line":23,"column":71}},"2":{"start":{"line":24,"column":35},"end":{"line":24,"column":74}},"3":{"start":{"line":25,"column":38},"end":{"line":25,"column":78}},"4":{"start":{"line":27,"column":21},"end":{"line":36,"column":5}},"5":{"start":{"line":28,"column":27},"end":{"line":28,"column":66}},"6":{"start":{"line":29,"column":30},"end":{"line":29,"column":72}},"7":{"start":{"line":30,"column":32},"end":{"line":30,"column":77}},"8":{"start":{"line":31,"column":8},"end":{"line":35,"column":9}},"9":{"start":{"line":32,"column":12},"end":{"line":32,"column":69}},"10":{"start":{"line":34,"column":12},"end":{"line":34,"column":50}},"11":{"start":{"line":38,"column":4},"end":{"line":80,"column":6}}},"fnMap":{"0":{"name":"(anonymous_0)","decl":{"start":{"line":22,"column":42},"end":{"line":22,"column":43}},"loc":{"start":{"line":22,"column":72},"end":{"line":81,"column":1}},"line":22},"1":{"name":"(anonymous_1)","decl":{"start":{"line":27,"column":21},"end":{"line":27,"column":22}},"loc":{"start":{"line":27,"column":27},"end":{"line":36,"column":5}},"line":27}},"branchMap":{"0":{"loc":{"start":{"line":31,"column":8},"end":{"line":35,"column":9}},"type":"if","locations":[{"start":{"line":31,"column":8},"end":{"line":35,"column":9}},{"start":{"line":33,"column":15},"end":{"line":35,"column":9}}],"line":31},"1":{"loc":{"start":{"line":31,"column":12},"end":{"line":31,"column":39}},"type":"binary-expr","locations":[{"start":{"line":31,"column":12},"end":{"line":31,"column":22}},{"start":{"line":31,"column":26},"end":{"line":31,"column":39}}],"line":31}},"s":{"0":5,"1":15,"2":15,"3":15,"4":15,"5":4,"6":4,"7":4,"8":4,"9":3,"10":1,"11":15},"f":{"0":15,"1":4},"b":{"0":[3,1],"1":[4,3]},"_coverageSchema":"1a1c01bbd47fc00a2c39e90264f33305004495a9","hash":"f495ade30181fca590dec1c4fd252b6f25546ef6"}
,"C:\\Users\\Gosia\\Desktop\\GitHub\\NewProject\\components\\organisms\\RegisterForm\\RegisterForm.tsx": {"path":"C:\\Users\\Gosia\\Desktop\\GitHub\\NewProject\\components\\organisms\\RegisterForm\\RegisterForm.tsx","statementMap":{"0":{"start":{"line":13,"column":45},"end":{"line":56,"column":1}},"1":{"start":{"line":14,"column":32},"end":{"line":14,"column":66}},"2":{"start":{"line":15,"column":35},"end":{"line":15,"column":69}},"3":{"start":{"line":17,"column":21},"end":{"line":22,"column":5}},"4":{"start":{"line":18,"column":27},"end":{"line":18,"column":72}},"5":{"start":{"line":19,"column":30},"end":{"line":19,"column":78}},"6":{"start":{"line":21,"column":8},"end":{"line":21,"column":48}},"7":{"start":{"line":24,"column":4},"end":{"line":55,"column":6}}},"fnMap":{"0":{"name":"(anonymous_0)","decl":{"start":{"line":13,"column":45},"end":{"line":13,"column":46}},"loc":{"start":{"line":13,"column":75},"end":{"line":56,"column":1}},"line":13},"1":{"name":"(anonymous_1)","decl":{"start":{"line":17,"column":21},"end":{"line":17,"column":22}},"loc":{"start":{"line":17,"column":27},"end":{"line":22,"column":5}},"line":17}},"branchMap":{"0":{"loc":{"start":{"line":18,"column":27},"end":{"line":18,"column":72}},"type":"binary-expr","locations":[{"start":{"line":18,"column":27},"end":{"line":18,"column":66}},{"start":{"line":18,"column":70},"end":{"line":18,"column":72}}],"line":18},"1":{"loc":{"start":{"line":19,"column":30},"end":{"line":19,"column":78}},"type":"binary-expr","locations":[{"start":{"line":19,"column":30},"end":{"line":19,"column":72}},{"start":{"line":19,"column":76},"end":{"line":19,"column":78}}],"line":19}},"s":{"0":5,"1":15,"2":15,"3":15,"4":4,"5":4,"6":4,"7":15},"f":{"0":15,"1":4},"b":{"0":[4,1],"1":[4,1]},"_coverageSchema":"1a1c01bbd47fc00a2c39e90264f33305004495a9","hash":"0072aad0bf357f2fe4351f2a12668e2b9fb789b4"}
,"C:\\Users\\Gosia\\Desktop\\GitHub\\NewProject\\components\\organisms\\SocialLogin\\SocialLogin.tsx": {"path":"C:\\Users\\Gosia\\Desktop\\GitHub\\NewProject\\components\\organisms\\SocialLogin\\SocialLogin.tsx","statementMap":{"0":{"start":{"line":14,"column":44},"end":{"line":51,"column":1}},"1":{"start":{"line":20,"column":4},"end":{"line":50,"column":6}}},"fnMap":{"0":{"name":"(anonymous_0)","decl":{"start":{"line":14,"column":44},"end":{"line":14,"column":45}},"loc":{"start":{"line":19,"column":6},"end":{"line":51,"column":1}},"line":19}},"branchMap":{},"s":{"0":5,"1":23},"f":{"0":23},"b":{},"_coverageSchema":"1a1c01bbd47fc00a2c39e90264f33305004495a9","hash":"c36ad1ce87fdd62f699a19544190cc5fc2f4f6ea"}
,"C:\\Users\\Gosia\\Desktop\\GitHub\\NewProject\\components\\screens\\LoginScreen\\LoginScreen.tsx": {"path":"C:\\Users\\Gosia\\Desktop\\GitHub\\NewProject\\components\\screens\\LoginScreen\\LoginScreen.tsx","statementMap":{"0":{"start":{"line":6,"column":44},"end":{"line":50,"column":1}},"1":{"start":{"line":7,"column":25},"end":{"line":20,"column":5}},"2":{"start":{"line":12,"column":8},"end":{"line":19,"column":10}},"3":{"start":{"line":21,"column":28},"end":{"line":23,"column":5}},"4":{"start":{"line":22,"column":8},"end":{"line":22,"column":43}},"5":{"start":{"line":24,"column":26},"end":{"line":26,"column":5}},"6":{"start":{"line":25,"column":8},"end":{"line":25,"column":41}},"7":{"start":{"line":28,"column":34},"end":{"line":30,"column":5}},"8":{"start":{"line":29,"column":8},"end":{"line":29,"column":60}},"9":{"start":{"line":32,"column":34},"end":{"line":34,"column":5}},"10":{"start":{"line":33,"column":8},"end":{"line":33,"column":51}},"11":{"start":{"line":35,"column":28},"end":{"line":37,"column":5}},"12":{"start":{"line":36,"column":8},"end":{"line":36,"column":43}},"13":{"start":{"line":39,"column":4},"end":{"line":49,"column":6}}},"fnMap":{"0":{"name":"(anonymous_0)","decl":{"start":{"line":6,"column":44},"end":{"line":6,"column":45}},"loc":{"start":{"line":6,"column":60},"end":{"line":50,"column":1}},"line":6},"1":{"name":"(anonymous_1)","decl":{"start":{"line":7,"column":25},"end":{"line":7,"column":26}},"loc":{"start":{"line":11,"column":9},"end":{"line":20,"column":5}},"line":11},"2":{"name":"(anonymous_2)","decl":{"start":{"line":21,"column":28},"end":{"line":21,"column":29}},"loc":{"start":{"line":21,"column":34},"end":{"line":23,"column":5}},"line":21},"3":{"name":"(anonymous_3)","decl":{"start":{"line":24,"column":26},"end":{"line":24,"column":27}},"loc":{"start":{"line":24,"column":32},"end":{"line":26,"column":5}},"line":24},"4":{"name":"(anonymous_4)","decl":{"start":{"line":28,"column":34},"end":{"line":28,"column":35}},"loc":{"start":{"line":28,"column":40},"end":{"line":30,"column":5}},"line":28},"5":{"name":"(anonymous_5)","decl":{"start":{"line":32,"column":34},"end":{"line":32,"column":35}},"loc":{"start":{"line":32,"column":40},"end":{"line":34,"column":5}},"line":32},"6":{"name":"(anonymous_6)","decl":{"start":{"line":35,"column":28},"end":{"line":35,"column":29}},"loc":{"start":{"line":35,"column":34},"end":{"line":37,"column":5}},"line":35}},"branchMap":{},"s":{"0":1,"1":4,"2":1,"3":4,"4":1,"5":4,"6":1,"7":4,"8":1,"9":4,"10":1,"11":4,"12":1,"13":4},"f":{"0":4,"1":1,"2":1,"3":1,"4":1,"5":1,"6":1},"b":{},"_coverageSchema":"1a1c01bbd47fc00a2c39e90264f33305004495a9","hash":"e9aeb150beddd46e0199d5300cf0228ef7734f7d"}
,"C:\\Users\\Gosia\\Desktop\\GitHub\\NewProject\\components\\screens\\RegisterScreen\\RegisterScreen.tsx": {"path":"C:\\Users\\Gosia\\Desktop\\GitHub\\NewProject\\components\\screens\\RegisterScreen\\RegisterScreen.tsx","statementMap":{"0":{"start":{"line":4,"column":40},"end":{"line":31,"column":1}},"1":{"start":{"line":5,"column":25},"end":{"line":7,"column":5}},"2":{"start":{"line":6,"column":8},"end":{"line":6,"column":58}},"3":{"start":{"line":8,"column":28},"end":{"line":10,"column":5}},"4":{"start":{"line":9,"column":8},"end":{"line":9,"column":43}},"5":{"start":{"line":11,"column":26},"end":{"line":13,"column":5}},"6":{"start":{"line":12,"column":8},"end":{"line":12,"column":41}},"7":{"start":{"line":15,"column":33},"end":{"line":17,"column":5}},"8":{"start":{"line":16,"column":8},"end":{"line":16,"column":50}},"9":{"start":{"line":18,"column":28},"end":{"line":20,"column":5}},"10":{"start":{"line":19,"column":8},"end":{"line":19,"column":43}},"11":{"start":{"line":22,"column":4},"end":{"line":30,"column":6}}},"fnMap":{"0":{"name":"(anonymous_0)","decl":{"start":{"line":4,"column":40},"end":{"line":4,"column":41}},"loc":{"start":{"line":4,"column":46},"end":{"line":31,"column":1}},"line":4},"1":{"name":"(anonymous_1)","decl":{"start":{"line":5,"column":25},"end":{"line":5,"column":26}},"loc":{"start":{"line":5,"column":62},"end":{"line":7,"column":5}},"line":5},"2":{"name":"(anonymous_2)","decl":{"start":{"line":8,"column":28},"end":{"line":8,"column":29}},"loc":{"start":{"line":8,"column":34},"end":{"line":10,"column":5}},"line":8},"3":{"name":"(anonymous_3)","decl":{"start":{"line":11,"column":26},"end":{"line":11,"column":27}},"loc":{"start":{"line":11,"column":32},"end":{"line":13,"column":5}},"line":11},"4":{"name":"(anonymous_4)","decl":{"start":{"line":15,"column":33},"end":{"line":15,"column":34}},"loc":{"start":{"line":15,"column":39},"end":{"line":17,"column":5}},"line":15},"5":{"name":"(anonymous_5)","decl":{"start":{"line":18,"column":28},"end":{"line":18,"column":29}},"loc":{"start":{"line":18,"column":34},"end":{"line":20,"column":5}},"line":18}},"branchMap":{},"s":{"0":1,"1":4,"2":1,"3":4,"4":1,"5":4,"6":1,"7":4,"8":2,"9":4,"10":1,"11":4},"f":{"0":4,"1":1,"2":1,"3":1,"4":2,"5":1},"b":{},"_coverageSchema":"1a1c01bbd47fc00a2c39e90264f33305004495a9","hash":"266eb24ed6e0b43f4e841266a5f1869427b42b1f"}
,"C:\\Users\\Gosia\\Desktop\\GitHub\\NewProject\\components\\templates\\LoginTemplate\\LoginTemplate.tsx": {"path":"C:\\Users\\Gosia\\Desktop\\GitHub\\NewProject\\components\\templates\\LoginTemplate\\LoginTemplate.tsx","statementMap":{"0":{"start":{"line":23,"column":46},"end":{"line":64,"column":1}},"1":{"start":{"line":31,"column":4},"end":{"line":63,"column":6}}},"fnMap":{"0":{"name":"(anonymous_0)","decl":{"start":{"line":23,"column":46},"end":{"line":23,"column":47}},"loc":{"start":{"line":30,"column":6},"end":{"line":64,"column":1}},"line":30}},"branchMap":{},"s":{"0":3,"1":9},"f":{"0":9},"b":{},"_coverageSchema":"1a1c01bbd47fc00a2c39e90264f33305004495a9","hash":"cf7a2c88908115756d49fee2dd22f90d0592740a"}
,"C:\\Users\\Gosia\\Desktop\\GitHub\\NewProject\\components\\templates\\RegisterTemplate\\RegisterTemplate.styles.tsx": {"path":"C:\\Users\\Gosia\\Desktop\\GitHub\\NewProject\\components\\templates\\RegisterTemplate\\RegisterTemplate.styles.tsx","statementMap":{},"fnMap":{},"branchMap":{},"s":{},"f":{},"b":{},"_coverageSchema":"1a1c01bbd47fc00a2c39e90264f33305004495a9","hash":"cca43d4f43b2ba107831519786a3c91236a7dc3a"}
,"C:\\Users\\Gosia\\Desktop\\GitHub\\NewProject\\components\\templates\\RegisterTemplate\\RegisterTemplate.tsx": {"path":"C:\\Users\\Gosia\\Desktop\\GitHub\\NewProject\\components\\templates\\RegisterTemplate\\RegisterTemplate.tsx","statementMap":{"0":{"start":{"line":17,"column":49},"end":{"line":48,"column":1}},"1":{"start":{"line":25,"column":4},"end":{"line":47,"column":6}}},"fnMap":{"0":{"name":"(anonymous_0)","decl":{"start":{"line":17,"column":49},"end":{"line":17,"column":50}},"loc":{"start":{"line":24,"column":6},"end":{"line":48,"column":1}},"line":24}},"branchMap":{},"s":{"0":3,"1":10},"f":{"0":10},"b":{},"_coverageSchema":"1a1c01bbd47fc00a2c39e90264f33305004495a9","hash":"7a1248af283c9a076e969c00b9a6a354d44ab8c3"}
}
