{"C:\\Users\\Gosia\\Desktop\\GitHub\\NewProject\\components\\atoms\\CustomButton\\CustomButton.tsx": {"path":"C:\\Users\\Gosia\\Desktop\\GitHub\\NewProject\\components\\atoms\\CustomButton\\CustomButton.tsx","statementMap":{"0":{"start":{"line":1,"column":0},"end":{"line":1,"column":null}},"1":{"start":{"line":2,"column":0},"end":{"line":2,"column":null}},"2":{"start":{"line":10,"column":45},"end":{"line":25,"column":null}},"3":{"start":{"line":15,"column":5},"end":{"line":11,"column":null}},"4":{"start":{"line":15,"column":5},"end":{"line":12,"column":null}},"5":{"start":{"line":15,"column":5},"end":{"line":13,"column":null}},"6":{"start":{"line":15,"column":5},"end":{"line":14,"column":null}},"7":{"start":{"line":16,"column":4},"end":{"line":16,"column":null}}},"fnMap":{"0":{"name":"CustomButton","decl":{"start":{"line":10,"column":13},"end":{"line":10,"column":25}},"loc":{"start":{"line":15,"column":5},"end":{"line":25,"column":null}}}},"branchMap":{},"s":{"0":10,"1":10,"2":10,"3":33,"4":33,"5":33,"6":33,"7":33},"f":{"0":33},"b":{}}
,"C:\\Users\\Gosia\\Desktop\\GitHub\\NewProject\\components\\atoms\\CustomIcon\\CustomIcon.tsx": {"path":"C:\\Users\\Gosia\\Desktop\\GitHub\\NewProject\\components\\atoms\\CustomIcon\\CustomIcon.tsx","statementMap":{"0":{"start":{"line":1,"column":0},"end":{"line":1,"column":null}},"1":{"start":{"line":2,"column":0},"end":{"line":2,"column":null}},"2":{"start":{"line":3,"column":0},"end":{"line":3,"column":null}},"3":{"start":{"line":4,"column":0},"end":{"line":4,"column":41}},"4":{"start":{"line":4,"column":41},"end":{"line":4,"column":null}},"5":{"start":{"line":16,"column":43},"end":{"line":45,"column":1}},"6":{"start":{"line":17,"column":15},"end":{"line":17,"column":14}},"7":{"start":{"line":18,"column":13},"end":{"line":18,"column":12}},"8":{"start":{"line":19,"column":12},"end":{"line":19,"column":11}},"9":{"start":{"line":20,"column":12},"end":{"line":20,"column":11}},"10":{"start":{"line":21,"column":19},"end":{"line":21,"column":18}},"11":{"start":{"line":22,"column":10},"end":{"line":22,"column":9}},"12":{"start":{"line":23,"column":20},"end":{"line":23,"column":19}},"13":{"start":{"line":25,"column":4},"end":{"line":43,"column":null}},"14":{"start":{"line":29,"column":29},"end":{"line":29,"column":28}},"15":{"start":{"line":29,"column":29},"end":{"line":32,"column":null}},"16":{"start":{"line":45,"column":2},"end":{"line":45,"column":null}}},"fnMap":{"0":{"name":"CustomIcon","decl":{"start":{"line":16,"column":13},"end":{"line":16,"column":23}},"loc":{"start":{"line":24,"column":5},"end":{"line":45,"column":1}}},"1":{"name":"style","decl":{"start":{"line":29,"column":19},"end":{"line":29,"column":22}},"loc":{"start":{"line":29,"column":19},"end":{"line":32,"column":null}}}},"branchMap":{"0":{"loc":{"start":{"line":30,"column":16},"end":{"line":32,"column":74}},"type":"cond-expr","locations":[{"start":{"line":31,"column":22},"end":{"line":31,"column":72}},{"start":{"line":32,"column":22},"end":{"line":32,"column":74}}]}},"s":{"0":10,"1":10,"2":10,"3":10,"4":10,"5":10,"6":73,"7":73,"8":73,"9":73,"10":73,"11":73,"12":73,"13":73,"14":73,"15":73,"16":10},"f":{"0":73,"1":73},"b":{"0":[72,1]}}
,"C:\\Users\\Gosia\\Desktop\\GitHub\\NewProject\\components\\atoms\\CustomInput\\CustomInput.tsx": {"path":"C:\\Users\\Gosia\\Desktop\\GitHub\\NewProject\\components\\atoms\\CustomInput\\CustomInput.tsx","statementMap":{"0":{"start":{"line":1,"column":0},"end":{"line":1,"column":null}},"1":{"start":{"line":7,"column":0},"end":{"line":7,"column":null}},"2":{"start":{"line":8,"column":0},"end":{"line":8,"column":42}},"3":{"start":{"line":8,"column":42},"end":{"line":8,"column":null}},"4":{"start":{"line":25,"column":4},"end":{"line":57,"column":1}},"5":{"start":{"line":25,"column":18},"end":{"line":25,"column":17}},"6":{"start":{"line":25,"column":35},"end":{"line":25,"column":34}},"7":{"start":{"line":25,"column":43},"end":{"line":25,"column":42}},"8":{"start":{"line":26,"column":30},"end":{"line":26,"column":50}},"9":{"start":{"line":26,"column":50},"end":{"line":26,"column":null}},"10":{"start":{"line":26,"column":16},"end":{"line":26,"column":18}},"11":{"start":{"line":26,"column":26},"end":{"line":26,"column":30}},"12":{"start":{"line":28,"column":27},"end":{"line":28,"column":50}},"13":{"start":{"line":30,"column":25},"end":{"line":32,"column":5}},"14":{"start":{"line":31,"column":8},"end":{"line":31,"column":null}},"15":{"start":{"line":34,"column":4},"end":{"line":44,"column":null}},"16":{"start":{"line":34,"column":29},"end":{"line":44,"column":6}},"17":{"start":{"line":36,"column":12},"end":{"line":36,"column":null}},"18":{"start":{"line":39,"column":12},"end":{"line":39,"column":null}},"19":{"start":{"line":46,"column":4},"end":{"line":55,"column":null}},"20":{"start":{"line":59,"column":27},"end":{"line":59,"column":63}},"21":{"start":{"line":59,"column":64},"end":{"line":59,"column":null}}},"fnMap":{"0":{"name":"_getRequireWildcardCache","decl":{"start":{"line":8,"column":42},"end":{"line":8,"column":null}},"loc":{"start":{"line":8,"column":42},"end":{"line":8,"column":null}}},"1":{"name":"CustomInputWithReference","decl":{"start":{"line":22,"column":6},"end":{"line":22,"column":30}},"loc":{"start":{"line":25,"column":54},"end":{"line":57,"column":1}}},"2":{"name":"onChangeText","decl":{"start":{"line":30,"column":10},"end":{"line":30,"column":22}},"loc":{"start":{"line":30,"column":41},"end":{"line":32,"column":5}}},"3":{"name":"(anonymous_5)","decl":{"start":{"line":34,"column":29},"end":{"line":34,"column":36}},"loc":{"start":{"line":34,"column":29},"end":{"line":44,"column":6}}},"4":{"name":"getValue","decl":{"start":{"line":35,"column":18},"end":{"line":35,"column":23}},"loc":{"start":{"line":35,"column":23},"end":{"line":37,"column":9}}},"5":{"name":"focus","decl":{"start":{"line":38,"column":15},"end":{"line":38,"column":20}},"loc":{"start":{"line":38,"column":20},"end":{"line":40,"column":null}}}},"branchMap":{"0":{"loc":{"start":{"line":8,"column":42},"end":{"line":8,"column":null}},"type":"if","locations":[{"start":{"line":8,"column":42},"end":{"line":8,"column":null}}]},"1":{"loc":{"start":{"line":8,"column":42},"end":{"line":8,"column":null}},"type":"cond-expr","locations":[{"start":{"line":8,"column":42},"end":{"line":8,"column":null}},{"start":{"line":8,"column":42},"end":{"line":8,"column":null}}]},"2":{"loc":{"start":{"line":8,"column":42},"end":{"line":8,"column":null}},"type":"binary-expr","locations":[{"start":{"line":8,"column":42},"end":{"line":8,"column":null}},{"start":{"line":8,"column":42},"end":{"line":8,"column":null}},{"start":{"line":8,"column":42},"end":{"line":8,"column":null}}]},"3":{"loc":{"start":{"line":39,"column":12},"end":{"line":39,"column":43}},"type":"cond-expr","locations":[{"start":{"line":39,"column":34},"end":{"line":39,"column":36}},{"start":{"line":39,"column":12},"end":{"line":39,"column":43}}]}},"s":{"0":10,"1":10,"2":10,"3":1570,"4":10,"5":85,"6":85,"7":85,"8":85,"9":85,"10":85,"11":85,"12":85,"13":85,"14":19,"15":85,"16":82,"17":18,"18":1,"19":85,"20":10,"21":10},"f":{"0":30,"1":85,"2":19,"3":82,"4":18,"5":1},"b":{"0":[360],"1":[720,730],"2":[370,370,360],"3":[0,1]}}
,"C:\\Users\\Gosia\\Desktop\\GitHub\\NewProject\\components\\atoms\\CustomSwitch\\CustomSwitch.tsx": {"path":"C:\\Users\\Gosia\\Desktop\\GitHub\\NewProject\\components\\atoms\\CustomSwitch\\CustomSwitch.tsx","statementMap":{"0":{"start":{"line":1,"column":0},"end":{"line":1,"column":null}},"1":{"start":{"line":7,"column":0},"end":{"line":7,"column":38}},"2":{"start":{"line":7,"column":38},"end":{"line":7,"column":null}},"3":{"start":{"line":25,"column":4},"end":{"line":50,"column":1}},"4":{"start":{"line":26,"column":21},"end":{"line":26,"column":20}},"5":{"start":{"line":26,"column":37},"end":{"line":26,"column":36}},"6":{"start":{"line":26,"column":51},"end":{"line":26,"column":50}},"7":{"start":{"line":26,"column":66},"end":{"line":26,"column":65}},"8":{"start":{"line":26,"column":74},"end":{"line":26,"column":73}},"9":{"start":{"line":29,"column":36},"end":{"line":29,"column":60}},"10":{"start":{"line":29,"column":60},"end":{"line":29,"column":null}},"11":{"start":{"line":29,"column":19},"end":{"line":29,"column":21}},"12":{"start":{"line":29,"column":32},"end":{"line":29,"column":36}},"13":{"start":{"line":31,"column":28},"end":{"line":31,"column":48}},"14":{"start":{"line":33,"column":25},"end":{"line":33,"column":null}},"15":{"start":{"line":33,"column":22},"end":{"line":33,"column":null}},"16":{"start":{"line":33,"column":52},"end":{"line":33,"column":67}},"17":{"start":{"line":35,"column":4},"end":{"line":39,"column":null}},"18":{"start":{"line":35,"column":29},"end":{"line":39,"column":6}},"19":{"start":{"line":37,"column":12},"end":{"line":37,"column":null}},"20":{"start":{"line":40,"column":4},"end":{"line":48,"column":null}},"21":{"start":{"line":50,"column":2},"end":{"line":50,"column":null}},"22":{"start":{"line":52,"column":28},"end":{"line":52,"column":65}},"23":{"start":{"line":52,"column":66},"end":{"line":52,"column":null}}},"fnMap":{"0":{"name":"_getRequireWildcardCache","decl":{"start":{"line":7,"column":38},"end":{"line":7,"column":null}},"loc":{"start":{"line":7,"column":38},"end":{"line":7,"column":null}}},"1":{"name":"CustomSwitchWithReference","decl":{"start":{"line":22,"column":13},"end":{"line":22,"column":38}},"loc":{"start":{"line":28,"column":4},"end":{"line":50,"column":1}}},"2":{"name":"toggleSwitch","decl":{"start":{"line":33,"column":10},"end":{"line":33,"column":22}},"loc":{"start":{"line":33,"column":22},"end":{"line":33,"column":null}}},"3":{"name":"(anonymous_5)","decl":{"start":{"line":33,"column":43},"end":{"line":33,"column":44}},"loc":{"start":{"line":33,"column":52},"end":{"line":33,"column":67}}},"4":{"name":"(anonymous_6)","decl":{"start":{"line":35,"column":29},"end":{"line":35,"column":36}},"loc":{"start":{"line":35,"column":29},"end":{"line":39,"column":6}}},"5":{"name":"getValue","decl":{"start":{"line":36,"column":18},"end":{"line":36,"column":23}},"loc":{"start":{"line":36,"column":23},"end":{"line":38,"column":null}}}},"branchMap":{"0":{"loc":{"start":{"line":7,"column":38},"end":{"line":7,"column":null}},"type":"if","locations":[{"start":{"line":7,"column":38},"end":{"line":7,"column":null}}]},"1":{"loc":{"start":{"line":7,"column":38},"end":{"line":7,"column":null}},"type":"cond-expr","locations":[{"start":{"line":7,"column":38},"end":{"line":7,"column":null}},{"start":{"line":7,"column":38},"end":{"line":7,"column":null}}]},"2":{"loc":{"start":{"line":7,"column":38},"end":{"line":7,"column":null}},"type":"binary-expr","locations":[{"start":{"line":7,"column":38},"end":{"line":7,"column":null}},{"start":{"line":7,"column":38},"end":{"line":7,"column":null}},{"start":{"line":7,"column":38},"end":{"line":7,"column":null}}]},"3":{"loc":{"start":{"line":43,"column":24},"end":{"line":43,"column":64}},"type":"cond-expr","locations":[{"start":{"line":43,"column":35},"end":{"line":43,"column":47}},{"start":{"line":43,"column":50},"end":{"line":43,"column":64}}]}},"s":{"0":10,"1":10,"2":1570,"3":10,"4":28,"5":28,"6":28,"7":28,"8":28,"9":28,"10":28,"11":28,"12":28,"13":28,"14":28,"15":7,"16":7,"17":28,"18":25,"19":6,"20":28,"21":10,"22":10,"23":10},"f":{"0":30,"1":28,"2":7,"3":7,"4":25,"5":6},"b":{"0":[360],"1":[720,730],"2":[370,370,360],"3":[7,21]}}
,"C:\\Users\\Gosia\\Desktop\\GitHub\\NewProject\\components\\atoms\\Divider\\Divider.tsx": {"path":"C:\\Users\\Gosia\\Desktop\\GitHub\\NewProject\\components\\atoms\\Divider\\Divider.tsx","statementMap":{"0":{"start":{"line":1,"column":0},"end":{"line":1,"column":null}},"1":{"start":{"line":2,"column":0},"end":{"line":2,"column":null}},"2":{"start":{"line":3,"column":0},"end":{"line":3,"column":38}},"3":{"start":{"line":3,"column":38},"end":{"line":3,"column":null}},"4":{"start":{"line":10,"column":40},"end":{"line":18,"column":1}},"5":{"start":{"line":10,"column":47},"end":{"line":10,"column":46}},"6":{"start":{"line":10,"column":55},"end":{"line":10,"column":54}},"7":{"start":{"line":11,"column":4},"end":{"line":16,"column":null}},"8":{"start":{"line":18,"column":2},"end":{"line":18,"column":null}}},"fnMap":{"0":{"name":"Divider","decl":{"start":{"line":10,"column":13},"end":{"line":10,"column":20}},"loc":{"start":{"line":10,"column":61},"end":{"line":18,"column":1}}}},"branchMap":{},"s":{"0":10,"1":10,"2":10,"3":10,"4":10,"5":21,"6":21,"7":21,"8":10},"f":{"0":21},"b":{}}
,"C:\\Users\\Gosia\\Desktop\\GitHub\\NewProject\\components\\atoms\\Label\\Label.tsx": {"path":"C:\\Users\\Gosia\\Desktop\\GitHub\\NewProject\\components\\atoms\\Label\\Label.tsx","statementMap":{"0":{"start":{"line":1,"column":0},"end":{"line":1,"column":null}},"1":{"start":{"line":2,"column":0},"end":{"line":2,"column":null}},"2":{"start":{"line":3,"column":0},"end":{"line":3,"column":36}},"3":{"start":{"line":3,"column":36},"end":{"line":3,"column":null}},"4":{"start":{"line":10,"column":38},"end":{"line":16,"column":1}},"5":{"start":{"line":10,"column":45},"end":{"line":10,"column":44}},"6":{"start":{"line":10,"column":53},"end":{"line":10,"column":52}},"7":{"start":{"line":11,"column":4},"end":{"line":14,"column":null}},"8":{"start":{"line":16,"column":2},"end":{"line":16,"column":null}}},"fnMap":{"0":{"name":"Label","decl":{"start":{"line":10,"column":13},"end":{"line":10,"column":18}},"loc":{"start":{"line":10,"column":59},"end":{"line":16,"column":1}}}},"branchMap":{},"s":{"0":10,"1":10,"2":10,"3":10,"4":10,"5":102,"6":102,"7":102,"8":10},"f":{"0":102},"b":{}}
,"C:\\Users\\Gosia\\Desktop\\GitHub\\NewProject\\components\\atoms\\Link\\Link.tsx": {"path":"C:\\Users\\Gosia\\Desktop\\GitHub\\NewProject\\components\\atoms\\Link\\Link.tsx","statementMap":{"0":{"start":{"line":1,"column":0},"end":{"line":1,"column":null}},"1":{"start":{"line":2,"column":0},"end":{"line":2,"column":null}},"2":{"start":{"line":3,"column":0},"end":{"line":3,"column":35}},"3":{"start":{"line":3,"column":35},"end":{"line":3,"column":null}},"4":{"start":{"line":11,"column":37},"end":{"line":17,"column":1}},"5":{"start":{"line":11,"column":44},"end":{"line":11,"column":43}},"6":{"start":{"line":11,"column":53},"end":{"line":11,"column":52}},"7":{"start":{"line":11,"column":61},"end":{"line":11,"column":60}},"8":{"start":{"line":12,"column":4},"end":{"line":15,"column":null}},"9":{"start":{"line":17,"column":2},"end":{"line":17,"column":null}}},"fnMap":{"0":{"name":"Link","decl":{"start":{"line":11,"column":13},"end":{"line":11,"column":17}},"loc":{"start":{"line":11,"column":67},"end":{"line":17,"column":1}}}},"branchMap":{},"s":{"0":10,"1":10,"2":10,"3":10,"4":10,"5":30,"6":30,"7":30,"8":30,"9":10},"f":{"0":30},"b":{}}
,"C:\\Users\\Gosia\\Desktop\\GitHub\\NewProject\\components\\atoms\\ScreenTitle\\ScreenTitle.tsx": {"path":"C:\\Users\\Gosia\\Desktop\\GitHub\\NewProject\\components\\atoms\\ScreenTitle\\ScreenTitle.tsx","statementMap":{"0":{"start":{"line":1,"column":0},"end":{"line":1,"column":null}},"1":{"start":{"line":2,"column":0},"end":{"line":2,"column":null}},"2":{"start":{"line":3,"column":0},"end":{"line":3,"column":42}},"3":{"start":{"line":3,"column":42},"end":{"line":3,"column":null}},"4":{"start":{"line":10,"column":44},"end":{"line":16,"column":1}},"5":{"start":{"line":10,"column":58},"end":{"line":10,"column":57}},"6":{"start":{"line":10,"column":66},"end":{"line":10,"column":65}},"7":{"start":{"line":11,"column":4},"end":{"line":14,"column":null}},"8":{"start":{"line":16,"column":2},"end":{"line":16,"column":null}}},"fnMap":{"0":{"name":"ScreenTitle","decl":{"start":{"line":10,"column":13},"end":{"line":10,"column":24}},"loc":{"start":{"line":10,"column":72},"end":{"line":16,"column":1}}}},"branchMap":{},"s":{"0":10,"1":10,"2":10,"3":10,"4":10,"5":21,"6":21,"7":21,"8":10},"f":{"0":21},"b":{}}
,"C:\\Users\\Gosia\\Desktop\\GitHub\\NewProject\\components\\molecules\\CustomInputLabel\\CustomInputLabel.tsx": {"path":"C:\\Users\\Gosia\\Desktop\\GitHub\\NewProject\\components\\molecules\\CustomInputLabel\\CustomInputLabel.tsx","statementMap":{"0":{"start":{"line":1,"column":0},"end":{"line":1,"column":null}},"1":{"start":{"line":2,"column":0},"end":{"line":2,"column":null}},"2":{"start":{"line":3,"column":0},"end":{"line":3,"column":36}},"3":{"start":{"line":3,"column":36},"end":{"line":3,"column":null}},"4":{"start":{"line":20,"column":4},"end":{"line":43,"column":1}},"5":{"start":{"line":20,"column":16},"end":{"line":20,"column":15}},"6":{"start":{"line":20,"column":29},"end":{"line":20,"column":28}},"7":{"start":{"line":20,"column":46},"end":{"line":20,"column":45}},"8":{"start":{"line":20,"column":54},"end":{"line":20,"column":53}},"9":{"start":{"line":21,"column":27},"end":{"line":21,"column":61}},"10":{"start":{"line":23,"column":4},"end":{"line":30,"column":null}},"11":{"start":{"line":23,"column":29},"end":{"line":30,"column":6}},"12":{"start":{"line":25,"column":12},"end":{"line":25,"column":null}},"13":{"start":{"line":28,"column":12},"end":{"line":28,"column":null}},"14":{"start":{"line":32,"column":4},"end":{"line":41,"column":null}},"15":{"start":{"line":43,"column":2},"end":{"line":43,"column":null}},"16":{"start":{"line":45,"column":32},"end":{"line":45,"column":73}},"17":{"start":{"line":45,"column":74},"end":{"line":45,"column":null}}},"fnMap":{"0":{"name":"_getRequireWildcardCache","decl":{"start":{"line":3,"column":36},"end":{"line":3,"column":null}},"loc":{"start":{"line":3,"column":36},"end":{"line":3,"column":null}}},"1":{"name":"CustomInputLabelWithReference","decl":{"start":{"line":17,"column":13},"end":{"line":17,"column":42}},"loc":{"start":{"line":20,"column":65},"end":{"line":43,"column":1}}},"2":{"name":"(anonymous_4)","decl":{"start":{"line":23,"column":29},"end":{"line":23,"column":36}},"loc":{"start":{"line":23,"column":29},"end":{"line":30,"column":6}}},"3":{"name":"getValue","decl":{"start":{"line":24,"column":18},"end":{"line":24,"column":23}},"loc":{"start":{"line":24,"column":23},"end":{"line":26,"column":9}}},"4":{"name":"focus","decl":{"start":{"line":27,"column":15},"end":{"line":27,"column":20}},"loc":{"start":{"line":27,"column":20},"end":{"line":29,"column":null}}}},"branchMap":{"0":{"loc":{"start":{"line":3,"column":36},"end":{"line":3,"column":null}},"type":"if","locations":[{"start":{"line":3,"column":36},"end":{"line":3,"column":null}}]},"1":{"loc":{"start":{"line":3,"column":36},"end":{"line":3,"column":null}},"type":"cond-expr","locations":[{"start":{"line":3,"column":36},"end":{"line":3,"column":null}},{"start":{"line":3,"column":36},"end":{"line":3,"column":null}}]},"2":{"loc":{"start":{"line":3,"column":36},"end":{"line":3,"column":null}},"type":"binary-expr","locations":[{"start":{"line":3,"column":36},"end":{"line":3,"column":null}},{"start":{"line":3,"column":36},"end":{"line":3,"column":null}},{"start":{"line":3,"column":36},"end":{"line":3,"column":null}}]},"3":{"loc":{"start":{"line":25,"column":19},"end":{"line":25,"column":59}},"type":"binary-expr","locations":[{"start":{"line":25,"column":19},"end":{"line":25,"column":53}},{"start":{"line":25,"column":57},"end":{"line":25,"column":59}}]},"4":{"loc":{"start":{"line":25,"column":19},"end":{"line":25,"column":53}},"type":"cond-expr","locations":[{"start":{"line":25,"column":41},"end":{"line":25,"column":43}},{"start":{"line":25,"column":19},"end":{"line":25,"column":53}}]},"5":{"loc":{"start":{"line":28,"column":12},"end":{"line":28,"column":44}},"type":"cond-expr","locations":[{"start":{"line":28,"column":26},"end":{"line":28,"column":28}},{"start":{"line":28,"column":26},"end":{"line":28,"column":44}}]},"6":{"loc":{"start":{"line":28,"column":26},"end":{"line":28,"column":44}},"type":"cond-expr","locations":[{"start":{"line":28,"column":35},"end":{"line":28,"column":37}},{"start":{"line":28,"column":12},"end":{"line":28,"column":44}}]}},"s":{"0":7,"1":7,"2":7,"3":1099,"4":7,"5":63,"6":63,"7":63,"8":63,"9":63,"10":63,"11":61,"12":17,"13":0,"14":63,"15":7,"16":7,"17":7},"f":{"0":21,"1":63,"2":61,"3":17,"4":0},"b":{"0":[252],"1":[504,511],"2":[259,259,252],"3":[17,4],"4":[0,17],"5":[0,0],"6":[0,0]}}
,"C:\\Users\\Gosia\\Desktop\\GitHub\\NewProject\\components\\molecules\\CustomSwitchLabel\\CustomSwitchLabel.tsx": {"path":"C:\\Users\\Gosia\\Desktop\\GitHub\\NewProject\\components\\molecules\\CustomSwitchLabel\\CustomSwitchLabel.tsx","statementMap":{"0":{"start":{"line":1,"column":0},"end":{"line":1,"column":null}},"1":{"start":{"line":2,"column":0},"end":{"line":2,"column":null}},"2":{"start":{"line":3,"column":0},"end":{"line":3,"column":36}},"3":{"start":{"line":3,"column":36},"end":{"line":3,"column":null}},"4":{"start":{"line":21,"column":4},"end":{"line":51,"column":1}},"5":{"start":{"line":23,"column":23},"end":{"line":23,"column":22}},"6":{"start":{"line":24,"column":22},"end":{"line":24,"column":21}},"7":{"start":{"line":25,"column":20},"end":{"line":25,"column":19}},"8":{"start":{"line":26,"column":21},"end":{"line":26,"column":20}},"9":{"start":{"line":27,"column":17},"end":{"line":27,"column":16}},"10":{"start":{"line":28,"column":14},"end":{"line":28,"column":13}},"11":{"start":{"line":32,"column":28},"end":{"line":32,"column":63}},"12":{"start":{"line":33,"column":4},"end":{"line":37,"column":null}},"13":{"start":{"line":33,"column":29},"end":{"line":37,"column":6}},"14":{"start":{"line":35,"column":12},"end":{"line":35,"column":null}},"15":{"start":{"line":38,"column":4},"end":{"line":49,"column":null}},"16":{"start":{"line":51,"column":2},"end":{"line":51,"column":null}},"17":{"start":{"line":53,"column":33},"end":{"line":53,"column":75}},"18":{"start":{"line":53,"column":76},"end":{"line":53,"column":null}}},"fnMap":{"0":{"name":"_getRequireWildcardCache","decl":{"start":{"line":3,"column":36},"end":{"line":3,"column":null}},"loc":{"start":{"line":3,"column":36},"end":{"line":3,"column":null}}},"1":{"name":"CustomSwitchLabelWithReference","decl":{"start":{"line":18,"column":13},"end":{"line":18,"column":43}},"loc":{"start":{"line":31,"column":4},"end":{"line":51,"column":1}}},"2":{"name":"(anonymous_4)","decl":{"start":{"line":33,"column":29},"end":{"line":33,"column":36}},"loc":{"start":{"line":33,"column":29},"end":{"line":37,"column":6}}},"3":{"name":"getValue","decl":{"start":{"line":34,"column":18},"end":{"line":34,"column":23}},"loc":{"start":{"line":34,"column":23},"end":{"line":36,"column":null}}}},"branchMap":{"0":{"loc":{"start":{"line":3,"column":36},"end":{"line":3,"column":null}},"type":"if","locations":[{"start":{"line":3,"column":36},"end":{"line":3,"column":null}}]},"1":{"loc":{"start":{"line":3,"column":36},"end":{"line":3,"column":null}},"type":"cond-expr","locations":[{"start":{"line":3,"column":36},"end":{"line":3,"column":null}},{"start":{"line":3,"column":36},"end":{"line":3,"column":null}}]},"2":{"loc":{"start":{"line":3,"column":36},"end":{"line":3,"column":null}},"type":"binary-expr","locations":[{"start":{"line":3,"column":36},"end":{"line":3,"column":null}},{"start":{"line":3,"column":36},"end":{"line":3,"column":null}},{"start":{"line":3,"column":36},"end":{"line":3,"column":null}}]},"3":{"loc":{"start":{"line":35,"column":19},"end":{"line":35,"column":63}},"type":"binary-expr","locations":[{"start":{"line":35,"column":19},"end":{"line":35,"column":54}},{"start":{"line":35,"column":58},"end":{"line":35,"column":63}}]},"4":{"loc":{"start":{"line":35,"column":19},"end":{"line":35,"column":54}},"type":"cond-expr","locations":[{"start":{"line":35,"column":42},"end":{"line":35,"column":44}},{"start":{"line":35,"column":19},"end":{"line":35,"column":54}}]}},"s":{"0":7,"1":7,"2":7,"3":1099,"4":7,"5":18,"6":18,"7":18,"8":18,"9":18,"10":18,"11":18,"12":18,"13":16,"14":5,"15":18,"16":7,"17":7,"18":7},"f":{"0":21,"1":18,"2":16,"3":5},"b":{"0":[252],"1":[504,511],"2":[259,259,252],"3":[5,1],"4":[0,5]}}
,"C:\\Users\\Gosia\\Desktop\\GitHub\\NewProject\\components\\organisms\\LoginForm\\LoginForm.tsx": {"path":"C:\\Users\\Gosia\\Desktop\\GitHub\\NewProject\\components\\organisms\\LoginForm\\LoginForm.tsx","statementMap":{"0":{"start":{"line":1,"column":0},"end":{"line":1,"column":null}},"1":{"start":{"line":2,"column":0},"end":{"line":2,"column":null}},"2":{"start":{"line":3,"column":0},"end":{"line":3,"column":null}},"3":{"start":{"line":4,"column":0},"end":{"line":4,"column":null}},"4":{"start":{"line":5,"column":0},"end":{"line":5,"column":null}},"5":{"start":{"line":11,"column":0},"end":{"line":11,"column":40}},"6":{"start":{"line":11,"column":40},"end":{"line":11,"column":null}},"7":{"start":{"line":22,"column":42},"end":{"line":81,"column":1}},"8":{"start":{"line":22,"column":57},"end":{"line":22,"column":56}},"9":{"start":{"line":22,"column":65},"end":{"line":22,"column":64}},"10":{"start":{"line":23,"column":32},"end":{"line":23,"column":71}},"11":{"start":{"line":24,"column":35},"end":{"line":24,"column":74}},"12":{"start":{"line":25,"column":38},"end":{"line":25,"column":78}},"13":{"start":{"line":27,"column":21},"end":{"line":36,"column":5}},"14":{"start":{"line":28,"column":24},"end":{"line":28,"column":66}},"15":{"start":{"line":29,"column":27},"end":{"line":29,"column":72}},"16":{"start":{"line":30,"column":29},"end":{"line":30,"column":77}},"17":{"start":{"line":32,"column":12},"end":{"line":32,"column":null}},"18":{"start":{"line":34,"column":12},"end":{"line":34,"column":null}},"19":{"start":{"line":38,"column":4},"end":{"line":79,"column":null}},"20":{"start":{"line":81,"column":2},"end":{"line":81,"column":null}}},"fnMap":{"0":{"name":"_getRequireWildcardCache","decl":{"start":{"line":11,"column":40},"end":{"line":11,"column":null}},"loc":{"start":{"line":11,"column":40},"end":{"line":11,"column":null}}},"1":{"name":"LoginForm","decl":{"start":{"line":22,"column":13},"end":{"line":22,"column":22}},"loc":{"start":{"line":22,"column":71},"end":{"line":81,"column":1}}},"2":{"name":"onSubmit","decl":{"start":{"line":27,"column":10},"end":{"line":27,"column":18}},"loc":{"start":{"line":27,"column":26},"end":{"line":36,"column":5}}}},"branchMap":{"0":{"loc":{"start":{"line":11,"column":40},"end":{"line":11,"column":null}},"type":"if","locations":[{"start":{"line":11,"column":40},"end":{"line":11,"column":null}}]},"1":{"loc":{"start":{"line":11,"column":40},"end":{"line":11,"column":null}},"type":"cond-expr","locations":[{"start":{"line":11,"column":40},"end":{"line":11,"column":null}},{"start":{"line":11,"column":40},"end":{"line":11,"column":null}}]},"2":{"loc":{"start":{"line":11,"column":40},"end":{"line":11,"column":null}},"type":"binary-expr","locations":[{"start":{"line":11,"column":40},"end":{"line":11,"column":null}},{"start":{"line":11,"column":40},"end":{"line":11,"column":null}},{"start":{"line":11,"column":40},"end":{"line":11,"column":null}}]},"3":{"loc":{"start":{"line":28,"column":24},"end":{"line":28,"column":66}},"type":"cond-expr","locations":[{"start":{"line":28,"column":54},"end":{"line":28,"column":56}},{"start":{"line":28,"column":27},"end":{"line":28,"column":66}}]},"4":{"loc":{"start":{"line":29,"column":27},"end":{"line":29,"column":72}},"type":"cond-expr","locations":[{"start":{"line":29,"column":60},"end":{"line":29,"column":62}},{"start":{"line":29,"column":30},"end":{"line":29,"column":72}}]},"5":{"loc":{"start":{"line":30,"column":29},"end":{"line":30,"column":77}},"type":"cond-expr","locations":[{"start":{"line":30,"column":65},"end":{"line":30,"column":67}},{"start":{"line":30,"column":32},"end":{"line":30,"column":77}}]},"6":{"loc":{"start":{"line":31,"column":12},"end":{"line":31,"column":39}},"type":"binary-expr","locations":[{"start":{"line":31,"column":12},"end":{"line":31,"column":22}},{"start":{"line":31,"column":26},"end":{"line":31,"column":39}}]}},"s":{"0":5,"1":5,"2":5,"3":5,"4":5,"5":5,"6":785,"7":5,"8":15,"9":15,"10":15,"11":15,"12":15,"13":15,"14":4,"15":4,"16":4,"17":3,"18":1,"19":15,"20":5},"f":{"0":15,"1":15,"2":4},"b":{"0":[180],"1":[360,365],"2":[185,185,180],"3":[0,4],"4":[0,4],"5":[0,4],"6":[4,3]}}
,"C:\\Users\\Gosia\\Desktop\\GitHub\\NewProject\\components\\organisms\\RegisterForm\\RegisterForm.tsx": {"path":"C:\\Users\\Gosia\\Desktop\\GitHub\\NewProject\\components\\organisms\\RegisterForm\\RegisterForm.tsx","statementMap":{"0":{"start":{"line":1,"column":0},"end":{"line":1,"column":null}},"1":{"start":{"line":2,"column":0},"end":{"line":2,"column":null}},"2":{"start":{"line":3,"column":0},"end":{"line":3,"column":null}},"3":{"start":{"line":4,"column":0},"end":{"line":4,"column":null}},"4":{"start":{"line":5,"column":0},"end":{"line":5,"column":null}},"5":{"start":{"line":6,"column":0},"end":{"line":6,"column":43}},"6":{"start":{"line":6,"column":43},"end":{"line":6,"column":null}},"7":{"start":{"line":13,"column":45},"end":{"line":56,"column":1}},"8":{"start":{"line":13,"column":60},"end":{"line":13,"column":59}},"9":{"start":{"line":13,"column":68},"end":{"line":13,"column":67}},"10":{"start":{"line":14,"column":32},"end":{"line":14,"column":66}},"11":{"start":{"line":15,"column":35},"end":{"line":15,"column":69}},"12":{"start":{"line":17,"column":21},"end":{"line":22,"column":5}},"13":{"start":{"line":18,"column":27},"end":{"line":18,"column":72}},"14":{"start":{"line":19,"column":30},"end":{"line":19,"column":78}},"15":{"start":{"line":21,"column":8},"end":{"line":21,"column":null}},"16":{"start":{"line":24,"column":4},"end":{"line":54,"column":null}},"17":{"start":{"line":56,"column":2},"end":{"line":56,"column":null}}},"fnMap":{"0":{"name":"_getRequireWildcardCache","decl":{"start":{"line":6,"column":43},"end":{"line":6,"column":null}},"loc":{"start":{"line":6,"column":43},"end":{"line":6,"column":null}}},"1":{"name":"RegisterForm","decl":{"start":{"line":13,"column":13},"end":{"line":13,"column":25}},"loc":{"start":{"line":13,"column":74},"end":{"line":56,"column":1}}},"2":{"name":"onSubmit","decl":{"start":{"line":17,"column":10},"end":{"line":17,"column":18}},"loc":{"start":{"line":17,"column":26},"end":{"line":22,"column":5}}}},"branchMap":{"0":{"loc":{"start":{"line":6,"column":43},"end":{"line":6,"column":null}},"type":"if","locations":[{"start":{"line":6,"column":43},"end":{"line":6,"column":null}}]},"1":{"loc":{"start":{"line":6,"column":43},"end":{"line":6,"column":null}},"type":"cond-expr","locations":[{"start":{"line":6,"column":43},"end":{"line":6,"column":null}},{"start":{"line":6,"column":43},"end":{"line":6,"column":null}}]},"2":{"loc":{"start":{"line":6,"column":43},"end":{"line":6,"column":null}},"type":"binary-expr","locations":[{"start":{"line":6,"column":43},"end":{"line":6,"column":null}},{"start":{"line":6,"column":43},"end":{"line":6,"column":null}},{"start":{"line":6,"column":43},"end":{"line":6,"column":null}}]},"3":{"loc":{"start":{"line":18,"column":27},"end":{"line":18,"column":72}},"type":"binary-expr","locations":[{"start":{"line":18,"column":27},"end":{"line":18,"column":66}},{"start":{"line":18,"column":70},"end":{"line":18,"column":72}}]},"4":{"loc":{"start":{"line":18,"column":27},"end":{"line":18,"column":66}},"type":"cond-expr","locations":[{"start":{"line":18,"column":54},"end":{"line":18,"column":56}},{"start":{"line":18,"column":27},"end":{"line":18,"column":66}}]},"5":{"loc":{"start":{"line":19,"column":30},"end":{"line":19,"column":78}},"type":"binary-expr","locations":[{"start":{"line":19,"column":30},"end":{"line":19,"column":72}},{"start":{"line":19,"column":76},"end":{"line":19,"column":78}}]},"6":{"loc":{"start":{"line":19,"column":30},"end":{"line":19,"column":72}},"type":"cond-expr","locations":[{"start":{"line":19,"column":60},"end":{"line":19,"column":62}},{"start":{"line":19,"column":30},"end":{"line":19,"column":72}}]}},"s":{"0":5,"1":5,"2":5,"3":5,"4":5,"5":5,"6":785,"7":5,"8":15,"9":15,"10":15,"11":15,"12":15,"13":4,"14":4,"15":4,"16":15,"17":5},"f":{"0":15,"1":15,"2":4},"b":{"0":[180],"1":[360,365],"2":[185,185,180],"3":[4,1],"4":[0,4],"5":[4,1],"6":[0,4]}}
,"C:\\Users\\Gosia\\Desktop\\GitHub\\NewProject\\components\\organisms\\SocialLogin\\SocialLogin.tsx": {"path":"C:\\Users\\Gosia\\Desktop\\GitHub\\NewProject\\components\\organisms\\SocialLogin\\SocialLogin.tsx","statementMap":{"0":{"start":{"line":1,"column":0},"end":{"line":1,"column":null}},"1":{"start":{"line":2,"column":0},"end":{"line":2,"column":null}},"2":{"start":{"line":3,"column":0},"end":{"line":3,"column":null}},"3":{"start":{"line":4,"column":0},"end":{"line":4,"column":null}},"4":{"start":{"line":5,"column":0},"end":{"line":5,"column":42}},"5":{"start":{"line":5,"column":42},"end":{"line":5,"column":null}},"6":{"start":{"line":14,"column":44},"end":{"line":51,"column":1}},"7":{"start":{"line":15,"column":19},"end":{"line":15,"column":18}},"8":{"start":{"line":16,"column":17},"end":{"line":16,"column":16}},"9":{"start":{"line":17,"column":19},"end":{"line":17,"column":18}},"10":{"start":{"line":18,"column":10},"end":{"line":18,"column":9}},"11":{"start":{"line":20,"column":4},"end":{"line":49,"column":null}},"12":{"start":{"line":51,"column":2},"end":{"line":51,"column":null}}},"fnMap":{"0":{"name":"SocialLogin","decl":{"start":{"line":14,"column":13},"end":{"line":14,"column":24}},"loc":{"start":{"line":19,"column":5},"end":{"line":51,"column":1}}}},"branchMap":{},"s":{"0":5,"1":5,"2":5,"3":5,"4":5,"5":5,"6":5,"7":23,"8":23,"9":23,"10":23,"11":23,"12":5},"f":{"0":23},"b":{}}
,"C:\\Users\\Gosia\\Desktop\\GitHub\\NewProject\\components\\screens\\LoginScreen\\LoginScreen.tsx": {"path":"C:\\Users\\Gosia\\Desktop\\GitHub\\NewProject\\components\\screens\\LoginScreen\\LoginScreen.tsx","statementMap":{"0":{"start":{"line":1,"column":0},"end":{"line":1,"column":null}},"1":{"start":{"line":2,"column":0},"end":{"line":2,"column":48}},"2":{"start":{"line":2,"column":48},"end":{"line":2,"column":null}},"3":{"start":{"line":6,"column":44},"end":{"line":50,"column":1}},"4":{"start":{"line":6,"column":53},"end":{"line":6,"column":52}},"5":{"start":{"line":7,"column":25},"end":{"line":20,"column":5}},"6":{"start":{"line":12,"column":8},"end":{"line":19,"column":null}},"7":{"start":{"line":21,"column":28},"end":{"line":23,"column":5}},"8":{"start":{"line":22,"column":8},"end":{"line":22,"column":null}},"9":{"start":{"line":24,"column":26},"end":{"line":26,"column":5}},"10":{"start":{"line":25,"column":8},"end":{"line":25,"column":null}},"11":{"start":{"line":28,"column":34},"end":{"line":30,"column":5}},"12":{"start":{"line":29,"column":8},"end":{"line":29,"column":null}},"13":{"start":{"line":32,"column":34},"end":{"line":34,"column":5}},"14":{"start":{"line":33,"column":8},"end":{"line":33,"column":null}},"15":{"start":{"line":35,"column":28},"end":{"line":37,"column":5}},"16":{"start":{"line":36,"column":8},"end":{"line":36,"column":null}},"17":{"start":{"line":39,"column":4},"end":{"line":48,"column":null}},"18":{"start":{"line":50,"column":2},"end":{"line":50,"column":null}}},"fnMap":{"0":{"name":"LoginScreen","decl":{"start":{"line":6,"column":13},"end":{"line":6,"column":24}},"loc":{"start":{"line":6,"column":59},"end":{"line":50,"column":1}}},"1":{"name":"onSubmitForm","decl":{"start":{"line":7,"column":10},"end":{"line":7,"column":22}},"loc":{"start":{"line":11,"column":8},"end":{"line":20,"column":5}}},"2":{"name":"onPressFacebook","decl":{"start":{"line":21,"column":10},"end":{"line":21,"column":25}},"loc":{"start":{"line":21,"column":33},"end":{"line":23,"column":5}}},"3":{"name":"onPressGoogle","decl":{"start":{"line":24,"column":10},"end":{"line":24,"column":23}},"loc":{"start":{"line":24,"column":31},"end":{"line":26,"column":5}}},"4":{"name":"onPressForgotPassword","decl":{"start":{"line":28,"column":10},"end":{"line":28,"column":31}},"loc":{"start":{"line":28,"column":39},"end":{"line":30,"column":5}}},"5":{"name":"onPressNavigateSignup","decl":{"start":{"line":32,"column":10},"end":{"line":32,"column":31}},"loc":{"start":{"line":32,"column":39},"end":{"line":34,"column":5}}},"6":{"name":"onPressLinkedin","decl":{"start":{"line":35,"column":10},"end":{"line":35,"column":25}},"loc":{"start":{"line":35,"column":33},"end":{"line":37,"column":5}}}},"branchMap":{},"s":{"0":1,"1":1,"2":1,"3":1,"4":4,"5":4,"6":1,"7":4,"8":1,"9":4,"10":1,"11":4,"12":1,"13":4,"14":1,"15":4,"16":1,"17":4,"18":1},"f":{"0":4,"1":1,"2":1,"3":1,"4":1,"5":1,"6":1},"b":{}}
,"C:\\Users\\Gosia\\Desktop\\GitHub\\NewProject\\components\\screens\\RegisterScreen\\RegisterScreen.tsx": {"path":"C:\\Users\\Gosia\\Desktop\\GitHub\\NewProject\\components\\screens\\RegisterScreen\\RegisterScreen.tsx","statementMap":{"0":{"start":{"line":1,"column":0},"end":{"line":1,"column":null}},"1":{"start":{"line":2,"column":0},"end":{"line":2,"column":51}},"2":{"start":{"line":2,"column":51},"end":{"line":2,"column":null}},"3":{"start":{"line":4,"column":40},"end":{"line":31,"column":1}},"4":{"start":{"line":5,"column":25},"end":{"line":7,"column":5}},"5":{"start":{"line":6,"column":8},"end":{"line":6,"column":null}},"6":{"start":{"line":8,"column":28},"end":{"line":10,"column":5}},"7":{"start":{"line":9,"column":8},"end":{"line":9,"column":null}},"8":{"start":{"line":11,"column":26},"end":{"line":13,"column":5}},"9":{"start":{"line":12,"column":8},"end":{"line":12,"column":null}},"10":{"start":{"line":15,"column":33},"end":{"line":17,"column":5}},"11":{"start":{"line":16,"column":8},"end":{"line":16,"column":null}},"12":{"start":{"line":18,"column":28},"end":{"line":20,"column":5}},"13":{"start":{"line":19,"column":8},"end":{"line":19,"column":null}},"14":{"start":{"line":22,"column":4},"end":{"line":29,"column":null}},"15":{"start":{"line":31,"column":2},"end":{"line":31,"column":null}}},"fnMap":{"0":{"name":"RegisterScreen","decl":{"start":{"line":4,"column":13},"end":{"line":4,"column":27}},"loc":{"start":{"line":4,"column":45},"end":{"line":31,"column":1}}},"1":{"name":"onSubmitForm","decl":{"start":{"line":5,"column":10},"end":{"line":5,"column":22}},"loc":{"start":{"line":5,"column":61},"end":{"line":7,"column":5}}},"2":{"name":"onPressFacebook","decl":{"start":{"line":8,"column":10},"end":{"line":8,"column":25}},"loc":{"start":{"line":8,"column":33},"end":{"line":10,"column":5}}},"3":{"name":"onPressGoogle","decl":{"start":{"line":11,"column":10},"end":{"line":11,"column":23}},"loc":{"start":{"line":11,"column":31},"end":{"line":13,"column":5}}},"4":{"name":"onPressNavigateLogin","decl":{"start":{"line":15,"column":10},"end":{"line":15,"column":30}},"loc":{"start":{"line":15,"column":38},"end":{"line":17,"column":5}}},"5":{"name":"onPressLinkedin","decl":{"start":{"line":18,"column":10},"end":{"line":18,"column":25}},"loc":{"start":{"line":18,"column":33},"end":{"line":20,"column":5}}}},"branchMap":{},"s":{"0":1,"1":1,"2":1,"3":1,"4":4,"5":1,"6":4,"7":1,"8":4,"9":1,"10":4,"11":2,"12":4,"13":1,"14":4,"15":1},"f":{"0":4,"1":1,"2":1,"3":1,"4":2,"5":1},"b":{}}
,"C:\\Users\\Gosia\\Desktop\\GitHub\\NewProject\\components\\templates\\LoginTemplate\\LoginTemplate.tsx": {"path":"C:\\Users\\Gosia\\Desktop\\GitHub\\NewProject\\components\\templates\\LoginTemplate\\LoginTemplate.tsx","statementMap":{"0":{"start":{"line":1,"column":0},"end":{"line":1,"column":null}},"1":{"start":{"line":2,"column":0},"end":{"line":2,"column":null}},"2":{"start":{"line":4,"column":0},"end":{"line":4,"column":null}},"3":{"start":{"line":5,"column":0},"end":{"line":5,"column":null}},"4":{"start":{"line":6,"column":0},"end":{"line":6,"column":null}},"5":{"start":{"line":7,"column":0},"end":{"line":7,"column":44}},"6":{"start":{"line":7,"column":44},"end":{"line":7,"column":null}},"7":{"start":{"line":23,"column":46},"end":{"line":64,"column":1}},"8":{"start":{"line":24,"column":16},"end":{"line":24,"column":15}},"9":{"start":{"line":25,"column":19},"end":{"line":25,"column":18}},"10":{"start":{"line":26,"column":17},"end":{"line":26,"column":16}},"11":{"start":{"line":27,"column":25},"end":{"line":27,"column":24}},"12":{"start":{"line":28,"column":25},"end":{"line":28,"column":24}},"13":{"start":{"line":29,"column":19},"end":{"line":29,"column":18}},"14":{"start":{"line":31,"column":4},"end":{"line":62,"column":null}},"15":{"start":{"line":64,"column":2},"end":{"line":64,"column":null}}},"fnMap":{"0":{"name":"LoginTemplate","decl":{"start":{"line":23,"column":13},"end":{"line":23,"column":26}},"loc":{"start":{"line":30,"column":5},"end":{"line":64,"column":1}}}},"branchMap":{},"s":{"0":3,"1":3,"2":3,"3":3,"4":3,"5":3,"6":3,"7":3,"8":9,"9":9,"10":9,"11":9,"12":9,"13":9,"14":9,"15":3},"f":{"0":9},"b":{}}
,"C:\\Users\\Gosia\\Desktop\\GitHub\\NewProject\\components\\templates\\RegisterTemplate\\RegisterTemplate.styles.tsx": {"path":"C:\\Users\\Gosia\\Desktop\\GitHub\\NewProject\\components\\templates\\RegisterTemplate\\RegisterTemplate.styles.tsx","statementMap":{"0":{"start":{"line":1,"column":0},"end":{"line":1,"column":null}},"1":{"start":{"line":3,"column":15},"end":{"line":3,"column":26}}},"fnMap":{},"branchMap":{},"s":{"0":3,"1":3},"f":{},"b":{}}
,"C:\\Users\\Gosia\\Desktop\\GitHub\\NewProject\\components\\templates\\RegisterTemplate\\RegisterTemplate.tsx": {"path":"C:\\Users\\Gosia\\Desktop\\GitHub\\NewProject\\components\\templates\\RegisterTemplate\\RegisterTemplate.tsx","statementMap":{"0":{"start":{"line":1,"column":0},"end":{"line":1,"column":null}},"1":{"start":{"line":2,"column":0},"end":{"line":2,"column":null}},"2":{"start":{"line":3,"column":0},"end":{"line":3,"column":null}},"3":{"start":{"line":4,"column":0},"end":{"line":4,"column":null}},"4":{"start":{"line":5,"column":0},"end":{"line":5,"column":null}},"5":{"start":{"line":6,"column":0},"end":{"line":6,"column":47}},"6":{"start":{"line":6,"column":47},"end":{"line":6,"column":null}},"7":{"start":{"line":17,"column":49},"end":{"line":48,"column":1}},"8":{"start":{"line":18,"column":16},"end":{"line":18,"column":15}},"9":{"start":{"line":19,"column":19},"end":{"line":19,"column":18}},"10":{"start":{"line":20,"column":17},"end":{"line":20,"column":16}},"11":{"start":{"line":21,"column":24},"end":{"line":21,"column":23}},"12":{"start":{"line":22,"column":19},"end":{"line":22,"column":18}},"13":{"start":{"line":23,"column":10},"end":{"line":23,"column":9}},"14":{"start":{"line":25,"column":4},"end":{"line":46,"column":null}},"15":{"start":{"line":48,"column":2},"end":{"line":48,"column":null}}},"fnMap":{"0":{"name":"RegisterTemplate","decl":{"start":{"line":17,"column":13},"end":{"line":17,"column":29}},"loc":{"start":{"line":24,"column":5},"end":{"line":48,"column":1}}}},"branchMap":{},"s":{"0":3,"1":3,"2":3,"3":3,"4":3,"5":3,"6":3,"7":3,"8":10,"9":10,"10":10,"11":10,"12":10,"13":10,"14":10,"15":3},"f":{"0":10},"b":{}}
}
