TN:
SF:components\atoms\CustomButton\CustomButton.tsx
FN:10,CustomButton
FNF:1
FNH:1
FNDA:7,CustomButton
DA:1,5
DA:2,5
DA:10,5
DA:15,7
DA:16,7
LF:5
LH:5
BRF:0
BRH:0
end_of_record
TN:
SF:components\atoms\CustomIcon\CustomIcon.tsx
FN:16,CustomIcon
FN:29,style
FNF:2
FNH:2
FNDA:2,CustomIcon
FNDA:2,style
DA:1,5
DA:2,5
DA:3,5
DA:4,5
DA:16,5
DA:24,2
DA:25,2
DA:29,2
LF:8
LH:8
BRDA:30,0,0,2
BRDA:30,0,1,0
BRF:2
BRH:1
end_of_record
TN:
SF:components\atoms\CustomInput\CustomInput.tsx
FN:8,_getRequireWildcardCache
FN:21,CustomInputWithReference
FN:29,onChangeText
FN:33,(anonymous_5)
FN:34,getValue
FN:37,focus
FNF:6
FNH:5
FNDA:15,_getRequireWildcardCache
FNDA:19,CustomInputWithReference
FNDA:5,onChangeText
FNDA:16,(anonymous_5)
FNDA:4,getValue
FNDA:0,focus
DA:1,5
DA:7,5
DA:8,785
DA:24,19
DA:25,19
DA:27,19
DA:29,19
DA:30,5
DA:33,19
DA:35,4
DA:38,0
DA:42,19
DA:55,5
LF:13
LH:12
BRDA:8,0,0,180
BRDA:8,1,0,360
BRDA:8,1,1,365
BRDA:8,2,0,185
BRDA:8,2,1,185
BRDA:8,2,2,180
BRDA:38,3,0,0
BRDA:38,3,1,0
BRDA:38,4,0,0
BRDA:38,4,1,0
BRF:10
BRH:6
end_of_record
TN:
SF:components\atoms\CustomSwitch\CustomSwitch.tsx
FN:7,_getRequireWildcardCache
FN:23,CustomSwitchWithReference
FN:34,toggleSwitch
FN:34,(anonymous_5)
FN:36,(anonymous_6)
FN:37,getValue
FN:40,focus
FNF:7
FNH:6
FNDA:15,_getRequireWildcardCache
FNDA:9,CustomSwitchWithReference
FNDA:2,toggleSwitch
FNDA:2,(anonymous_5)
FNDA:6,(anonymous_6)
FNDA:2,getValue
FNDA:0,focus
DA:1,5
DA:7,785
DA:26,5
DA:27,9
DA:30,9
DA:32,9
DA:34,9
DA:36,9
DA:38,2
DA:41,0
DA:44,9
DA:54,5
DA:56,5
LF:13
LH:12
BRDA:7,0,0,180
BRDA:7,1,0,360
BRDA:7,1,1,365
BRDA:7,2,0,185
BRDA:7,2,1,185
BRDA:7,2,2,180
BRDA:41,3,0,0
BRDA:41,3,1,0
BRDA:41,4,0,0
BRDA:41,4,1,0
BRDA:47,5,0,2
BRDA:47,5,1,7
BRF:12
BRH:8
end_of_record
TN:
SF:components\atoms\Divider\Divider.tsx
FN:10,Divider
FNF:1
FNH:1
FNDA:2,Divider
DA:1,5
DA:2,5
DA:3,5
DA:10,5
DA:11,2
DA:18,5
LF:6
LH:6
BRF:0
BRH:0
end_of_record
TN:
SF:components\atoms\Label\Label.tsx
FN:10,Label
FNF:1
FNH:1
FNDA:17,Label
DA:1,5
DA:2,5
DA:3,5
DA:10,17
DA:11,17
DA:16,5
LF:6
LH:6
BRF:0
BRH:0
end_of_record
TN:
SF:components\atoms\Link\Link.tsx
FN:11,Link
FNF:1
FNH:1
FNDA:2,Link
DA:1,5
DA:2,5
DA:3,5
DA:11,5
DA:12,2
DA:17,5
LF:6
LH:6
BRF:0
BRH:0
end_of_record
TN:
SF:components\atoms\ScreenTitle\ScreenTitle.tsx
FN:10,ScreenTitle
FNF:1
FNH:1
FNDA:2,ScreenTitle
DA:1,5
DA:2,5
DA:3,5
DA:10,5
DA:11,2
DA:16,5
LF:6
LH:6
BRF:0
BRH:0
end_of_record
TN:
SF:components\molecules\CustomInputLabel\CustomInputLabel.tsx
FN:3,_getRequireWildcardCache
FN:17,CustomInputLabelWithReference
FN:23,(anonymous_4)
FN:24,getValue
FN:27,focus
FNF:5
FNH:4
FNDA:9,_getRequireWildcardCache
FNDA:11,CustomInputLabelWithReference
FNDA:9,(anonymous_4)
FNDA:3,getValue
FNDA:0,focus
DA:1,3
DA:2,3
DA:3,471
DA:20,11
DA:21,11
DA:23,11
DA:25,3
DA:28,0
DA:32,11
DA:43,3
DA:45,3
LF:11
LH:10
BRDA:3,0,0,108
BRDA:3,1,0,216
BRDA:3,1,1,219
BRDA:3,2,0,111
BRDA:3,2,1,111
BRDA:3,2,2,108
BRDA:25,3,0,3
BRDA:25,3,1,0
BRDA:25,4,0,0
BRDA:25,4,1,3
BRDA:28,5,0,0
BRDA:28,5,1,0
BRDA:28,6,0,0
BRDA:28,6,1,0
BRF:14
BRH:8
end_of_record
TN:
SF:components\molecules\CustomSwitchLabel\CustomSwitchLabel.tsx
FN:3,_getRequireWildcardCache
FN:19,CustomSwitchLabelWithReference
FN:34,(anonymous_4)
FN:35,getValue
FN:38,focus
FNF:5
FNH:4
FNDA:9,_getRequireWildcardCache
FNDA:4,CustomSwitchLabelWithReference
FNDA:2,(anonymous_4)
FNDA:1,getValue
FNDA:0,focus
DA:1,3
DA:2,3
DA:3,471
DA:22,3
DA:24,4
DA:25,4
DA:26,4
DA:27,4
DA:28,4
DA:29,4
DA:33,4
DA:34,4
DA:36,1
DA:39,0
DA:42,4
DA:54,3
DA:56,3
LF:17
LH:16
BRDA:3,0,0,108
BRDA:3,1,0,216
BRDA:3,1,1,219
BRDA:3,2,0,111
BRDA:3,2,1,111
BRDA:3,2,2,108
BRDA:36,3,0,0
BRDA:36,3,1,1
BRDA:39,4,0,0
BRDA:39,4,1,0
BRDA:39,5,0,0
BRDA:39,5,1,0
BRF:12
BRH:7
end_of_record
TN:
SF:components\organisms\LoginForm\LoginForm.tsx
FN:11,_getRequireWildcardCache
FN:22,LoginForm
FN:27,onSubmit
FNF:3
FNH:3
FNDA:3,_getRequireWildcardCache
FNDA:2,LoginForm
FNDA:1,onSubmit
DA:1,1
DA:2,1
DA:3,1
DA:4,1
DA:5,1
DA:11,157
DA:22,2
DA:23,2
DA:24,2
DA:25,2
DA:27,2
DA:28,1
DA:29,1
DA:30,1
DA:39,1
DA:42,2
DA:84,1
LF:17
LH:17
BRDA:11,0,0,36
BRDA:11,1,0,72
BRDA:11,1,1,73
BRDA:11,2,0,37
BRDA:11,2,1,37
BRDA:11,2,2,36
BRDA:28,3,0,1
BRDA:28,3,1,0
BRDA:28,4,0,0
BRDA:28,4,1,1
BRDA:29,5,0,1
BRDA:29,5,1,0
BRDA:29,6,0,0
BRDA:29,6,1,1
BRDA:30,7,0,0
BRDA:30,7,1,1
BRF:16
BRH:11
end_of_record
TN:
SF:components\organisms\RegisterForm\RegisterForm.tsx
FN:6,_getRequireWildcardCache
FN:12,RegisterForm
FN:16,onSubmit
FNF:3
FNH:2
FNDA:3,_getRequireWildcardCache
FNDA:2,RegisterForm
FNDA:0,onSubmit
DA:1,1
DA:2,1
DA:3,1
DA:4,1
DA:5,1
DA:6,157
DA:12,2
DA:13,2
DA:14,2
DA:16,2
DA:17,0
DA:18,0
DA:20,0
DA:23,2
DA:54,1
LF:15
LH:12
BRDA:6,0,0,36
BRDA:6,1,0,72
BRDA:6,1,1,73
BRDA:6,2,0,37
BRDA:6,2,1,37
BRDA:6,2,2,36
BRDA:17,3,0,0
BRDA:17,3,1,0
BRDA:17,4,0,0
BRDA:17,4,1,0
BRDA:18,5,0,0
BRDA:18,5,1,0
BRDA:18,6,0,0
BRDA:18,6,1,0
BRF:14
BRH:6
end_of_record
TN:
SF:components\organisms\SocialLogin\SocialLogin.tsx
FN:13,SocialLogin
FNF:1
FNH:0
FNDA:0,SocialLogin
DA:1,0
DA:2,0
DA:3,0
DA:4,0
DA:5,0
DA:13,0
DA:14,0
DA:15,0
DA:16,0
DA:18,0
DA:49,0
LF:11
LH:0
BRF:0
BRH:0
end_of_record
TN:
SF:components\templates\LoginTemplate\LoginTemplate.tsx
FN:22,LoginTemplate
FNF:1
FNH:0
FNDA:0,LoginTemplate
DA:1,0
DA:2,0
DA:4,0
DA:5,0
DA:6,0
DA:7,0
DA:22,0
DA:29,0
DA:30,0
LF:9
LH:0
BRF:0
BRH:0
end_of_record
TN:
SF:components\templates\RegisterTemplate\RegisterTemplate.styles.tsx
FNF:0
FNH:0
DA:1,0
DA:3,0
LF:2
LH:0
BRF:0
BRH:0
end_of_record
TN:
SF:components\templates\RegisterTemplate\RegisterTemplate.tsx
FN:16,RegisterTemplate
FNF:1
FNH:0
FNDA:0,RegisterTemplate
DA:1,0
DA:2,0
DA:3,0
DA:4,0
DA:5,0
DA:6,0
DA:16,0
DA:17,0
DA:18,0
DA:19,0
DA:20,0
DA:21,0
DA:23,0
DA:41,0
LF:14
LH:0
BRF:0
BRH:0
end_of_record
