TN:
SF:components\atoms\CustomButton\CustomButton.tsx
FN:10,CustomButton
FNF:1
FNH:1
FNDA:32,CustomButton
DA:1,8
DA:2,8
DA:10,8
DA:15,32
DA:16,32
LF:5
LH:5
BRF:0
BRH:0
end_of_record
TN:
SF:components\atoms\CustomIcon\CustomIcon.tsx
FN:16,CustomIcon
FN:29,style
FNF:2
FNH:2
FNDA:70,CustomIcon
FNDA:70,style
DA:1,8
DA:2,8
DA:3,8
DA:4,8
DA:16,8
DA:17,70
DA:18,70
DA:19,70
DA:20,70
DA:21,70
DA:22,70
DA:23,70
DA:25,70
DA:29,70
DA:45,8
LF:15
LH:15
BRDA:30,0,0,69
BRDA:30,0,1,1
BRF:2
BRH:2
end_of_record
TN:
SF:components\atoms\CustomInput\CustomInput.tsx
FN:8,_getRequireWildcardCache
FN:21,CustomInputWithReference
FN:29,onChangeText
FN:33,(anonymous_5)
FN:34,getValue
FN:37,focus
FNF:6
FNH:5
FNDA:24,_getRequireWildcardCache
FNDA:79,CustomInputWithReference
FNDA:15,onChangeText
FNDA:76,(anonymous_5)
FNDA:14,getValue
FNDA:0,focus
DA:1,8
DA:7,8
DA:8,1256
DA:24,79
DA:25,79
DA:27,79
DA:29,79
DA:30,15
DA:33,79
DA:35,14
DA:38,0
DA:42,79
DA:55,8
LF:13
LH:12
BRDA:8,0,0,288
BRDA:8,1,0,576
BRDA:8,1,1,584
BRDA:8,2,0,296
BRDA:8,2,1,296
BRDA:8,2,2,288
BRDA:38,3,0,0
BRDA:38,3,1,0
BRDA:38,4,0,0
BRDA:38,4,1,0
BRF:10
BRH:6
end_of_record
TN:
SF:components\atoms\CustomSwitch\CustomSwitch.tsx
FN:7,_getRequireWildcardCache
FN:23,CustomSwitchWithReference
FN:34,toggleSwitch
FN:34,(anonymous_5)
FN:36,(anonymous_6)
FN:37,getValue
FN:40,focus
FNF:7
FNH:6
FNDA:24,_getRequireWildcardCache
FNDA:28,CustomSwitchWithReference
FNDA:7,toggleSwitch
FNDA:7,(anonymous_5)
FNDA:25,(anonymous_6)
FNDA:5,getValue
FNDA:0,focus
DA:1,8
DA:7,1256
DA:26,8
DA:27,28
DA:30,28
DA:32,28
DA:34,28
DA:36,28
DA:38,5
DA:41,0
DA:44,28
DA:54,8
DA:56,8
LF:13
LH:12
BRDA:7,0,0,288
BRDA:7,1,0,576
BRDA:7,1,1,584
BRDA:7,2,0,296
BRDA:7,2,1,296
BRDA:7,2,2,288
BRDA:41,3,0,0
BRDA:41,3,1,0
BRDA:41,4,0,0
BRDA:41,4,1,0
BRDA:47,5,0,7
BRDA:47,5,1,21
BRF:12
BRH:8
end_of_record
TN:
SF:components\atoms\Divider\Divider.tsx
FN:10,Divider
FNF:1
FNH:1
FNDA:20,Divider
DA:1,8
DA:2,8
DA:3,8
DA:10,20
DA:11,20
DA:18,8
LF:6
LH:6
BRF:0
BRH:0
end_of_record
TN:
SF:components\atoms\Label\Label.tsx
FN:10,Label
FNF:1
FNH:1
FNDA:99,Label
DA:1,8
DA:2,8
DA:3,8
DA:10,99
DA:11,99
DA:16,8
LF:6
LH:6
BRF:0
BRH:0
end_of_record
TN:
SF:components\atoms\Link\Link.tsx
FN:11,Link
FNF:1
FNH:1
FNDA:29,Link
DA:1,8
DA:2,8
DA:3,8
DA:11,29
DA:12,29
DA:17,8
LF:6
LH:6
BRF:0
BRH:0
end_of_record
TN:
SF:components\atoms\ScreenTitle\ScreenTitle.tsx
FN:10,ScreenTitle
FNF:1
FNH:1
FNDA:20,ScreenTitle
DA:1,8
DA:2,8
DA:3,8
DA:10,20
DA:11,20
DA:16,8
LF:6
LH:6
BRF:0
BRH:0
end_of_record
TN:
SF:components\molecules\CustomInputLabel\CustomInputLabel.tsx
FN:3,_getRequireWildcardCache
FN:17,CustomInputLabelWithReference
FN:23,(anonymous_4)
FN:24,getValue
FN:27,focus
FNF:5
FNH:4
FNDA:15,_getRequireWildcardCache
FNDA:61,CustomInputLabelWithReference
FNDA:59,(anonymous_4)
FNDA:13,getValue
FNDA:0,focus
DA:1,5
DA:2,5
DA:3,785
DA:20,61
DA:21,61
DA:23,61
DA:25,13
DA:28,0
DA:32,61
DA:43,5
DA:45,5
LF:11
LH:10
BRDA:3,0,0,180
BRDA:3,1,0,360
BRDA:3,1,1,365
BRDA:3,2,0,185
BRDA:3,2,1,185
BRDA:3,2,2,180
BRDA:25,3,0,13
BRDA:25,3,1,4
BRDA:25,4,0,0
BRDA:25,4,1,13
BRDA:28,5,0,0
BRDA:28,5,1,0
BRDA:28,6,0,0
BRDA:28,6,1,0
BRF:14
BRH:9
end_of_record
TN:
SF:components\molecules\CustomSwitchLabel\CustomSwitchLabel.tsx
FN:3,_getRequireWildcardCache
FN:19,CustomSwitchLabelWithReference
FN:34,(anonymous_4)
FN:35,getValue
FN:38,focus
FNF:5
FNH:4
FNDA:15,_getRequireWildcardCache
FNDA:18,CustomSwitchLabelWithReference
FNDA:16,(anonymous_4)
FNDA:4,getValue
FNDA:0,focus
DA:1,5
DA:2,5
DA:3,785
DA:22,5
DA:24,18
DA:25,18
DA:26,18
DA:27,18
DA:28,18
DA:29,18
DA:33,18
DA:34,18
DA:36,4
DA:39,0
DA:42,18
DA:55,5
DA:57,5
LF:17
LH:16
BRDA:3,0,0,180
BRDA:3,1,0,360
BRDA:3,1,1,365
BRDA:3,2,0,185
BRDA:3,2,1,185
BRDA:3,2,2,180
BRDA:36,3,0,0
BRDA:36,3,1,4
BRDA:39,4,0,0
BRDA:39,4,1,0
BRDA:39,5,0,0
BRDA:39,5,1,0
BRF:12
BRH:7
end_of_record
TN:
SF:components\organisms\LoginForm\LoginForm.tsx
FN:11,_getRequireWildcardCache
FN:22,LoginForm
FN:27,onSubmit
FNF:3
FNH:3
FNDA:9,_getRequireWildcardCache
FNDA:15,LoginForm
FNDA:3,onSubmit
DA:1,3
DA:2,3
DA:3,3
DA:4,3
DA:5,3
DA:11,471
DA:22,15
DA:23,15
DA:24,15
DA:25,15
DA:27,15
DA:28,3
DA:29,3
DA:30,3
DA:39,3
DA:42,15
DA:85,3
LF:17
LH:17
BRDA:11,0,0,108
BRDA:11,1,0,216
BRDA:11,1,1,219
BRDA:11,2,0,111
BRDA:11,2,1,111
BRDA:11,2,2,108
BRDA:28,3,0,3
BRDA:28,3,1,1
BRDA:28,4,0,0
BRDA:28,4,1,3
BRDA:29,5,0,3
BRDA:29,5,1,1
BRDA:29,6,0,0
BRDA:29,6,1,3
BRDA:30,7,0,0
BRDA:30,7,1,3
BRF:16
BRH:13
end_of_record
TN:
SF:components\organisms\RegisterForm\RegisterForm.tsx
FN:6,_getRequireWildcardCache
FN:13,RegisterForm
FN:17,onSubmit
FNF:3
FNH:3
FNDA:9,_getRequireWildcardCache
FNDA:14,RegisterForm
FNDA:3,onSubmit
DA:1,3
DA:2,3
DA:3,3
DA:4,3
DA:5,3
DA:6,471
DA:13,14
DA:14,14
DA:15,14
DA:17,14
DA:18,3
DA:19,3
DA:21,3
DA:24,14
DA:56,3
LF:15
LH:15
BRDA:6,0,0,108
BRDA:6,1,0,216
BRDA:6,1,1,219
BRDA:6,2,0,111
BRDA:6,2,1,111
BRDA:6,2,2,108
BRDA:18,3,0,3
BRDA:18,3,1,1
BRDA:18,4,0,0
BRDA:18,4,1,3
BRDA:19,5,0,3
BRDA:19,5,1,1
BRDA:19,6,0,0
BRDA:19,6,1,3
BRF:14
BRH:12
end_of_record
TN:
SF:components\organisms\SocialLogin\SocialLogin.tsx
FN:14,SocialLogin
FNF:1
FNH:1
FNDA:22,SocialLogin
DA:1,3
DA:2,3
DA:3,3
DA:4,3
DA:5,3
DA:14,3
DA:15,22
DA:16,22
DA:17,22
DA:18,22
DA:20,22
DA:51,3
LF:12
LH:12
BRF:0
BRH:0
end_of_record
TN:
SF:components\templates\LoginTemplate\LoginTemplate.tsx
FN:23,LoginTemplate
FNF:1
FNH:1
FNDA:9,LoginTemplate
DA:1,1
DA:2,1
DA:4,1
DA:5,1
DA:6,1
DA:7,1
DA:23,1
DA:24,9
DA:25,9
DA:26,9
DA:27,9
DA:28,9
DA:29,9
DA:30,9
DA:32,9
DA:65,1
LF:16
LH:16
BRF:0
BRH:0
end_of_record
TN:
SF:components\templates\RegisterTemplate\RegisterTemplate.styles.tsx
FNF:0
FNH:0
DA:1,1
DA:3,1
LF:2
LH:2
BRF:0
BRH:0
end_of_record
TN:
SF:components\templates\RegisterTemplate\RegisterTemplate.tsx
FN:17,RegisterTemplate
FNF:1
FNH:1
FNDA:9,RegisterTemplate
DA:1,1
DA:2,1
DA:3,1
DA:4,1
DA:5,1
DA:6,1
DA:17,1
DA:18,9
DA:19,9
DA:20,9
DA:21,9
DA:22,9
DA:23,9
DA:25,9
DA:51,1
LF:15
LH:15
BRF:0
BRH:0
end_of_record
